Using pre-set license
Built from '2021.3/staging' branch; Version is '2021.3.22f1 (b6c551784ba3) revision 11978065'; Using compiler version '192829333'; Build Type 'Release'
OS: 'Windows 11  (10.0.22631) 64bit Core' Language: 'ko' Physical Memory: 32598 MB
BatchMode: 1, IsHumanControllingUs: 0, StartBugReporterOnCrash: 0, Is64bit: 1, IsPro: 1

COMMAND LINE ARGUMENTS:
C:\Program Files\Unity\Hub\Editor\2021.3.22f1\Editor\Unity.exe
-adb2
-batchMode
-noUpm
-name
AssetImportWorker6
-projectPath
C:/Users/lainxel/Desktop/22559012
-logFile
Logs/AssetImportWorker6.log
-srvPort
51487
Successfully changed project path to: C:/Users/lainxel/Desktop/22559012
C:/Users/lainxel/Desktop/22559012
[UnityMemory] Configuration Parameters - Can be set up in boot.config
    "memorysetup-bucket-allocator-granularity=16"
    "memorysetup-bucket-allocator-bucket-count=8"
    "memorysetup-bucket-allocator-block-size=33554432"
    "memorysetup-bucket-allocator-block-count=8"
    "memorysetup-main-allocator-block-size=16777216"
    "memorysetup-thread-allocator-block-size=16777216"
    "memorysetup-gfx-main-allocator-block-size=16777216"
    "memorysetup-gfx-thread-allocator-block-size=16777216"
    "memorysetup-cache-allocator-block-size=4194304"
    "memorysetup-typetree-allocator-block-size=2097152"
    "memorysetup-profiler-bucket-allocator-granularity=16"
    "memorysetup-profiler-bucket-allocator-bucket-count=8"
    "memorysetup-profiler-bucket-allocator-block-size=33554432"
    "memorysetup-profiler-bucket-allocator-block-count=8"
    "memorysetup-profiler-allocator-block-size=16777216"
    "memorysetup-profiler-editor-allocator-block-size=1048576"
    "memorysetup-temp-allocator-size-main=16777216"
    "memorysetup-job-temp-allocator-block-size=2097152"
    "memorysetup-job-temp-allocator-block-size-background=1048576"
    "memorysetup-job-temp-allocator-reduction-small-platforms=262144"
    "memorysetup-temp-allocator-size-background-worker=32768"
    "memorysetup-temp-allocator-size-job-worker=262144"
    "memorysetup-temp-allocator-size-preload-manager=33554432"
    "memorysetup-temp-allocator-size-nav-mesh-worker=65536"
    "memorysetup-temp-allocator-size-audio-worker=65536"
    "memorysetup-temp-allocator-size-cloud-worker=32768"
    "memorysetup-temp-allocator-size-gi-baking-worker=262144"
    "memorysetup-temp-allocator-size-gfx=262144"
Player connection [33368] Host "[IP] 192.168.0.23 [Port] 0 [Flags] 2 [Guid] 2005907381 [EditorId] 2005907381 [Version] 1048832 [Id] WindowsEditor(7,DESKTOP-KQV43BI) [Debug] 1 [PackageName] WindowsEditor [ProjectName] Editor" joined multi-casting on [225.0.0.222:54997]...

Player connection [33368] Host "[IP] 192.168.0.23 [Port] 0 [Flags] 2 [Guid] 2005907381 [EditorId] 2005907381 [Version] 1048832 [Id] WindowsEditor(7,DESKTOP-KQV43BI) [Debug] 1 [PackageName] WindowsEditor [ProjectName] Editor" joined alternative multi-casting on [225.0.0.222:34997]...

Refreshing native plugins compatible for Editor in 53.01 ms, found 3 plugins.
Preloading 0 native plugins for Editor in 0.00 ms.
Initialize engine version: 2021.3.22f1 (b6c551784ba3)
[Subsystems] Discovering subsystems at path C:/Program Files/Unity/Hub/Editor/2021.3.22f1/Editor/Data/Resources/UnitySubsystems
[Subsystems] Discovering subsystems at path C:/Users/lainxel/Desktop/22559012/Assets
GfxDevice: creating device client; threaded=0; jobified=0
Direct3D:
    Version:  Direct3D 11.0 [level 11.1]
    Renderer: NVIDIA GeForce RTX 4060 Ti (ID=0x2803)
    Vendor:   NVIDIA
    VRAM:     16109 MB
    Driver:   32.0.15.8157
Initialize mono
Mono path[0] = 'C:/Program Files/Unity/Hub/Editor/2021.3.22f1/Editor/Data/Managed'
Mono path[1] = 'C:/Program Files/Unity/Hub/Editor/2021.3.22f1/Editor/Data/MonoBleedingEdge/lib/mono/unityjit-win32'
Mono config path = 'C:/Program Files/Unity/Hub/Editor/2021.3.22f1/Editor/Data/MonoBleedingEdge/etc'
Using monoOptions --debugger-agent=transport=dt_socket,embedding=1,server=y,suspend=n,address=127.0.0.1:56072
Begin MonoManager ReloadAssembly
Registering precompiled unity dll's ...
Register platform support module: C:/Program Files/Unity/Hub/Editor/2021.3.22f1/Editor/Data/PlaybackEngines/WindowsStandaloneSupport/UnityEditor.WindowsStandalone.Extensions.dll
Registered in 0.005584 seconds.
Native extension for WindowsStandalone target not found
Refreshing native plugins compatible for Editor in 52.64 ms, found 3 plugins.
Preloading 0 native plugins for Editor in 0.00 ms.
Mono: successfully reloaded assembly
- Completed reload, in  0.356 seconds
Domain Reload Profiling:
	ReloadAssembly (357ms)
		BeginReloadAssembly (54ms)
			ExecutionOrderSort (0ms)
			DisableScriptedObjects (0ms)
			BackupInstance (0ms)
			ReleaseScriptingObjects (0ms)
			CreateAndSetChildDomain (0ms)
		EndReloadAssembly (244ms)
			LoadAssemblies (52ms)
			RebuildTransferFunctionScriptingTraits (0ms)
			SetupTypeCache (53ms)
			ReleaseScriptCaches (0ms)
			RebuildScriptCaches (14ms)
			SetupLoadedEditorAssemblies (148ms)
				LogAssemblyErrors (0ms)
				InitializePlatformSupportModulesInManaged (5ms)
				SetLoadedEditorAssemblies (0ms)
				RefreshPlugins (53ms)
				BeforeProcessingInitializeOnLoad (1ms)
				ProcessInitializeOnLoadAttributes (62ms)
				ProcessInitializeOnLoadMethodAttributes (28ms)
				AfterProcessingInitializeOnLoad (0ms)
				EditorAssembliesLoaded (0ms)
			ExecutionOrderSort2 (0ms)
			AwakeInstancesAfterBackupRestoration (0ms)
Platform modules already initialized, skipping
Registering precompiled user dll's ...
Registered in 0.006367 seconds.
Begin MonoManager ReloadAssembly
Symbol file LoadedFromMemory doesn't match image C:\Users\lainxel\Desktop\22559012\Library\PackageCache\com.unity.visualscripting@1.8.0\Editor\VisualScripting.Core\Dependencies\YamlDotNet\Unity.VisualScripting.YamlDotNet.dll
Symbol file LoadedFromMemory doesn't match image C:\Users\lainxel\Desktop\22559012\Library\PackageCache\com.unity.visualscripting@1.8.0\Editor\VisualScripting.Core\Dependencies\DotNetZip\Unity.VisualScripting.IonicZip.dll
Native extension for WindowsStandalone target not found
Refreshing native plugins compatible for Editor in 53.20 ms, found 3 plugins.
Preloading 0 native plugins for Editor in 0.00 ms.
Mono: successfully reloaded assembly
- Completed reload, in  0.717 seconds
Domain Reload Profiling:
	ReloadAssembly (718ms)
		BeginReloadAssembly (74ms)
			ExecutionOrderSort (0ms)
			DisableScriptedObjects (3ms)
			BackupInstance (0ms)
			ReleaseScriptingObjects (0ms)
			CreateAndSetChildDomain (10ms)
		EndReloadAssembly (566ms)
			LoadAssemblies (70ms)
			RebuildTransferFunctionScriptingTraits (0ms)
			SetupTypeCache (155ms)
			ReleaseScriptCaches (0ms)
			RebuildScriptCaches (29ms)
			SetupLoadedEditorAssemblies (299ms)
				LogAssemblyErrors (0ms)
				InitializePlatformSupportModulesInManaged (3ms)
				SetLoadedEditorAssemblies (0ms)
				RefreshPlugins (53ms)
				BeforeProcessingInitializeOnLoad (59ms)
				ProcessInitializeOnLoadAttributes (138ms)
				ProcessInitializeOnLoadMethodAttributes (40ms)
				AfterProcessingInitializeOnLoad (6ms)
				EditorAssembliesLoaded (0ms)
			ExecutionOrderSort2 (0ms)
			AwakeInstancesAfterBackupRestoration (7ms)
Platform modules already initialized, skipping
========================================================================
Worker process is ready to serve import requests
Launched and connected shader compiler UnityShaderCompiler.exe after 0.05 seconds
Refreshing native plugins compatible for Editor in 0.54 ms, found 3 plugins.
Preloading 0 native plugins for Editor in 0.00 ms.
Unloading 4823 Unused Serialized files (Serialized files now loaded: 0)
Unloading 32 unused Assets / (0.7 MB). Loaded Objects now: 5280.
Memory consumption went from 194.1 MB to 193.3 MB.
Total: 2.036700 ms (FindLiveObjects: 0.181200 ms CreateObjectMapping: 0.058800 ms MarkObjects: 1.618700 ms  DeleteObjects: 0.177300 ms)

AssetImportParameters requested are different than current active one (requested -> active):
  custom:video-decoder-ogg-theora: a1e56fd34408186e4bbccfd4996cb3dc -> 
  custom:container-muxer-webm: aa71ff27fc2769a1b78a27578f13a17b -> 
  custom:container-demuxer-webm: 4f35f7cbe854078d1ac9338744f61a02 -> 
  custom:video-encoder-webm-vp8: eb34c28f22e8b96e1ab97ce403110664 -> 
  custom:audio-encoder-webm-vorbis: bf7c407c2cedff20999df2af8eb42d56 -> 
  custom:framework-win-MediaFoundation: 216162199b28c13a410421893ffa2e32 -> 
  custom:container-demuxer-ogg: 62fdf1f143b41e24485cea50d1cbac27 -> 
  custom:video-decoder-webm-vp8: 9c59270c3fd7afecdb556c50c9e8de78 -> 
  custom:audio-decoder-ogg-vorbis: bf7c407c2cedff20999df2af8eb42d56 -> 
========================================================================
Received Import Request.
  Time since last request: 44553.346936 seconds.
  path: Assets/BTM_Assets/BTM_Rockets_Missiles_Bombs/Models/RMB_02.fbx
  artifactKey: Guid(6840cf7de7b43654389b3f1e7ce612cc) Importer(815301076,1909f56bfc062723c751e8b465ee728b)
Start importing Assets/BTM_Assets/BTM_Rockets_Missiles_Bombs/Models/RMB_02.fbx using Guid(6840cf7de7b43654389b3f1e7ce612cc) Importer(815301076,1909f56bfc062723c751e8b465ee728b)  -> (artifact id: 'f4e43964fc20f579168c0c2308078836') in 0.167029 seconds 
========================================================================
Received Import Request.
  Time since last request: 0.000018 seconds.
  path: Assets/BTM_Assets/BTM_Rockets_Missiles_Bombs/Models/RMB_14.fbx
  artifactKey: Guid(8f52fe7623d96d74d98ae96c2711fc70) Importer(815301076,1909f56bfc062723c751e8b465ee728b)
Start importing Assets/BTM_Assets/BTM_Rockets_Missiles_Bombs/Models/RMB_14.fbx using Guid(8f52fe7623d96d74d98ae96c2711fc70) Importer(815301076,1909f56bfc062723c751e8b465ee728b)  -> (artifact id: '8419ac321d02b214b9ee7acc2a169eb8') in 0.024470 seconds 
========================================================================
Received Import Request.
  Time since last request: 0.000023 seconds.
  path: Assets/BTM_Assets/BTM_Rockets_Missiles_Bombs/Models/RMB_38.fbx
  artifactKey: Guid(386d22e8c4e4f8147aa20330133906b5) Importer(815301076,1909f56bfc062723c751e8b465ee728b)
Start importing Assets/BTM_Assets/BTM_Rockets_Missiles_Bombs/Models/RMB_38.fbx using Guid(386d22e8c4e4f8147aa20330133906b5) Importer(815301076,1909f56bfc062723c751e8b465ee728b)  -> (artifact id: '11bdad31b01a348102ffe678c5260c80') in 0.017783 seconds 
========================================================================
Received Import Request.
  Time since last request: 0.000016 seconds.
  path: Assets/BTM_Assets/BTM_Rockets_Missiles_Bombs/Models/RMB_17.fbx
  artifactKey: Guid(63522be55534ef6449017e2a7feb9852) Importer(815301076,1909f56bfc062723c751e8b465ee728b)
Start importing Assets/BTM_Assets/BTM_Rockets_Missiles_Bombs/Models/RMB_17.fbx using Guid(63522be55534ef6449017e2a7feb9852) Importer(815301076,1909f56bfc062723c751e8b465ee728b)  -> (artifact id: '4c704903664fa0638288e9dcbffb5241') in 0.022252 seconds 
========================================================================
Received Import Request.
  Time since last request: 0.000014 seconds.
  path: Assets/BTM_Assets/BTM_Rockets_Missiles_Bombs/Models/RMB_39.fbx
  artifactKey: Guid(c5c534e5c15431b4bab29d457d9caeed) Importer(815301076,1909f56bfc062723c751e8b465ee728b)
Start importing Assets/BTM_Assets/BTM_Rockets_Missiles_Bombs/Models/RMB_39.fbx using Guid(c5c534e5c15431b4bab29d457d9caeed) Importer(815301076,1909f56bfc062723c751e8b465ee728b)  -> (artifact id: '1fe127d54e1c23b714cb55d42873ce3b') in 0.023122 seconds 
========================================================================
Received Import Request.
  Time since last request: 0.000015 seconds.
  path: Assets/BTM_Assets/BTM_Rockets_Missiles_Bombs/Models/RMB_07.fbx
  artifactKey: Guid(088c8d767d941a34bb6c16212534670e) Importer(815301076,1909f56bfc062723c751e8b465ee728b)
Start importing Assets/BTM_Assets/BTM_Rockets_Missiles_Bombs/Models/RMB_07.fbx using Guid(088c8d767d941a34bb6c16212534670e) Importer(815301076,1909f56bfc062723c751e8b465ee728b)  -> (artifact id: 'aa725717ea17ea96b9103fd13d7a2a1e') in 0.024498 seconds 
========================================================================
Received Import Request.
  Time since last request: 0.000015 seconds.
  path: Assets/BTM_Assets/BTM_Rockets_Missiles_Bombs/Models/RMB_23.fbx
  artifactKey: Guid(5015f023017ed794d977fc0c5f7ebe19) Importer(815301076,1909f56bfc062723c751e8b465ee728b)
Start importing Assets/BTM_Assets/BTM_Rockets_Missiles_Bombs/Models/RMB_23.fbx using Guid(5015f023017ed794d977fc0c5f7ebe19) Importer(815301076,1909f56bfc062723c751e8b465ee728b)  -> (artifact id: '6701780896d468ad1baa0ebd2ca98396') in 0.019897 seconds 
========================================================================
Received Import Request.
  Time since last request: 10.205831 seconds.
  path: Assets/BTM_Assets/BTM_Rockets_Missiles_Bombs/Prefabs/Yellow/RMB_02.prefab
  artifactKey: Guid(a0f005b37f3e4fb4ba2345f90e948371) Importer(815301076,1909f56bfc062723c751e8b465ee728b)
Start importing Assets/BTM_Assets/BTM_Rockets_Missiles_Bombs/Prefabs/Yellow/RMB_02.prefab using Guid(a0f005b37f3e4fb4ba2345f90e948371) Importer(815301076,1909f56bfc062723c751e8b465ee728b)  -> (artifact id: 'c33b6332bd172754a693cec3cb40de37') in 0.014954 seconds 
========================================================================
Received Import Request.
  Time since last request: 0.000017 seconds.
  path: Assets/BTM_Assets/BTM_Rockets_Missiles_Bombs/Prefabs/Yellow/RMB_06.prefab
  artifactKey: Guid(ea43f7add0fe5f74788a5be72218f310) Importer(815301076,1909f56bfc062723c751e8b465ee728b)
Start importing Assets/BTM_Assets/BTM_Rockets_Missiles_Bombs/Prefabs/Yellow/RMB_06.prefab using Guid(ea43f7add0fe5f74788a5be72218f310) Importer(815301076,1909f56bfc062723c751e8b465ee728b)  -> (artifact id: 'a6f05d6149eece8fd1f9ef7d51722bee') in 0.010085 seconds 
========================================================================
Received Import Request.
  Time since last request: 0.000021 seconds.
  path: Assets/BTM_Assets/BTM_Rockets_Missiles_Bombs/Prefabs/Yellow/RMB_12.prefab
  artifactKey: Guid(32ef69a203590a6479e235fd1771925c) Importer(815301076,1909f56bfc062723c751e8b465ee728b)
Start importing Assets/BTM_Assets/BTM_Rockets_Missiles_Bombs/Prefabs/Yellow/RMB_12.prefab using Guid(32ef69a203590a6479e235fd1771925c) Importer(815301076,1909f56bfc062723c751e8b465ee728b)  -> (artifact id: 'ba3833df9d495081c11395955b838208') in 0.010700 seconds 
========================================================================
Received Import Request.
  Time since last request: 0.000013 seconds.
  path: Assets/BTM_Assets/BTM_Rockets_Missiles_Bombs/Prefabs/Yellow/RMB_13.prefab
  artifactKey: Guid(fb2795201d0f3b944bf2054cad74218a) Importer(815301076,1909f56bfc062723c751e8b465ee728b)
Start importing Assets/BTM_Assets/BTM_Rockets_Missiles_Bombs/Prefabs/Yellow/RMB_13.prefab using Guid(fb2795201d0f3b944bf2054cad74218a) Importer(815301076,1909f56bfc062723c751e8b465ee728b)  -> (artifact id: '0dc895719bf434efa77bd436beed9044') in 0.010840 seconds 
========================================================================
Received Import Request.
  Time since last request: 0.000012 seconds.
  path: Assets/BTM_Assets/BTM_Rockets_Missiles_Bombs/Prefabs/Yellow/RMB_20.prefab
  artifactKey: Guid(dc800515503420c438887d0c16dff895) Importer(815301076,1909f56bfc062723c751e8b465ee728b)
Start importing Assets/BTM_Assets/BTM_Rockets_Missiles_Bombs/Prefabs/Yellow/RMB_20.prefab using Guid(dc800515503420c438887d0c16dff895) Importer(815301076,1909f56bfc062723c751e8b465ee728b)  -> (artifact id: '0cfd2be00b45e0a0cabbd219e9be47bd') in 0.011406 seconds 
========================================================================
Received Import Request.
  Time since last request: 0.000013 seconds.
  path: Assets/BTM_Assets/BTM_Rockets_Missiles_Bombs/Prefabs/Yellow/RMB_26.prefab
  artifactKey: Guid(eda9988e55ed7e54abc872d864628ece) Importer(815301076,1909f56bfc062723c751e8b465ee728b)
Start importing Assets/BTM_Assets/BTM_Rockets_Missiles_Bombs/Prefabs/Yellow/RMB_26.prefab using Guid(eda9988e55ed7e54abc872d864628ece) Importer(815301076,1909f56bfc062723c751e8b465ee728b)  -> (artifact id: '2cec4029e1a0bf5491e81f4451b6a607') in 0.010576 seconds 
========================================================================
Received Import Request.
  Time since last request: 0.000045 seconds.
  path: Assets/BTM_Assets/BTM_Rockets_Missiles_Bombs/Prefabs/Yellow/RMB_34.prefab
  artifactKey: Guid(f7680aff901dcc4418d05c8461308066) Importer(815301076,1909f56bfc062723c751e8b465ee728b)
Start importing Assets/BTM_Assets/BTM_Rockets_Missiles_Bombs/Prefabs/Yellow/RMB_34.prefab using Guid(f7680aff901dcc4418d05c8461308066) Importer(815301076,1909f56bfc062723c751e8b465ee728b)  -> (artifact id: 'a054e7f1dd4136dc12ceec54dc3b586a') in 0.012926 seconds 
========================================================================
Received Import Request.
  Time since last request: 0.000012 seconds.
  path: Assets/BTM_Assets/BTM_Rockets_Missiles_Bombs/Prefabs/Yellow/RMB_28.prefab
  artifactKey: Guid(c75c48e98ede3fb409d11c71c554b51c) Importer(815301076,1909f56bfc062723c751e8b465ee728b)
Start importing Assets/BTM_Assets/BTM_Rockets_Missiles_Bombs/Prefabs/Yellow/RMB_28.prefab using Guid(c75c48e98ede3fb409d11c71c554b51c) Importer(815301076,1909f56bfc062723c751e8b465ee728b)  -> (artifact id: '94dc915f8d2e5f08d4cbbe527daf1b5d') in 0.010316 seconds 
========================================================================
Received Import Request.
  Time since last request: 3.782510 seconds.
  path: Assets/BTM_Assets/BTM_Rockets_Missiles_Bombs/Prefabs/Orange/RMB_02.prefab
  artifactKey: Guid(2e0225adcc3d4a143aa96d8138013c81) Importer(815301076,1909f56bfc062723c751e8b465ee728b)
Start importing Assets/BTM_Assets/BTM_Rockets_Missiles_Bombs/Prefabs/Orange/RMB_02.prefab using Guid(2e0225adcc3d4a143aa96d8138013c81) Importer(815301076,1909f56bfc062723c751e8b465ee728b)  -> (artifact id: '2c16ef3fe95124e0cf551659dac361b0') in 0.014267 seconds 
========================================================================
Received Import Request.
  Time since last request: 0.000013 seconds.
  path: Assets/BTM_Assets/BTM_Rockets_Missiles_Bombs/Prefabs/Orange/RMB_06.prefab
  artifactKey: Guid(53eef8116e7dabf4fa7cf28fca4a9c24) Importer(815301076,1909f56bfc062723c751e8b465ee728b)
Start importing Assets/BTM_Assets/BTM_Rockets_Missiles_Bombs/Prefabs/Orange/RMB_06.prefab using Guid(53eef8116e7dabf4fa7cf28fca4a9c24) Importer(815301076,1909f56bfc062723c751e8b465ee728b)  -> (artifact id: 'f893f476a8edd9dd7aa260d2b98f0e15') in 0.011205 seconds 
========================================================================
Received Import Request.
  Time since last request: 0.000104 seconds.
  path: Assets/BTM_Assets/BTM_Rockets_Missiles_Bombs/Prefabs/Orange/RMB_10.prefab
  artifactKey: Guid(be73e5a3d7d1bf54a8ec2251600f3662) Importer(815301076,1909f56bfc062723c751e8b465ee728b)
Start importing Assets/BTM_Assets/BTM_Rockets_Missiles_Bombs/Prefabs/Orange/RMB_10.prefab using Guid(be73e5a3d7d1bf54a8ec2251600f3662) Importer(815301076,1909f56bfc062723c751e8b465ee728b)  -> (artifact id: '5afa09860582b293da4d05cca16ceba6') in 0.011483 seconds 
========================================================================
Received Import Request.
  Time since last request: 0.000016 seconds.
  path: Assets/BTM_Assets/BTM_Rockets_Missiles_Bombs/Prefabs/Orange/RMB_15.prefab
  artifactKey: Guid(383932998a5377f4da26abc7d91cfa9a) Importer(815301076,1909f56bfc062723c751e8b465ee728b)
Start importing Assets/BTM_Assets/BTM_Rockets_Missiles_Bombs/Prefabs/Orange/RMB_15.prefab using Guid(383932998a5377f4da26abc7d91cfa9a) Importer(815301076,1909f56bfc062723c751e8b465ee728b)  -> (artifact id: '5b36be2fe6acb701b989b452669a6989') in 0.009877 seconds 
========================================================================
Received Import Request.
  Time since last request: 0.000016 seconds.
  path: Assets/BTM_Assets/BTM_Rockets_Missiles_Bombs/Prefabs/Orange/RMB_20.prefab
  artifactKey: Guid(d4e2bb94fcb59ba4497e4225b08e0a85) Importer(815301076,1909f56bfc062723c751e8b465ee728b)
Start importing Assets/BTM_Assets/BTM_Rockets_Missiles_Bombs/Prefabs/Orange/RMB_20.prefab using Guid(d4e2bb94fcb59ba4497e4225b08e0a85) Importer(815301076,1909f56bfc062723c751e8b465ee728b)  -> (artifact id: 'fbb901001c5df579c52caee6bdff1b2b') in 0.009742 seconds 
========================================================================
Received Import Request.
  Time since last request: 0.000014 seconds.
  path: Assets/BTM_Assets/BTM_Rockets_Missiles_Bombs/Prefabs/Orange/RMB_25.prefab
  artifactKey: Guid(49d83f52c659c9746b73dcd16402a97a) Importer(815301076,1909f56bfc062723c751e8b465ee728b)
Start importing Assets/BTM_Assets/BTM_Rockets_Missiles_Bombs/Prefabs/Orange/RMB_25.prefab using Guid(49d83f52c659c9746b73dcd16402a97a) Importer(815301076,1909f56bfc062723c751e8b465ee728b)  -> (artifact id: '03a17630df97ba803ffef74b78a1c84e') in 0.009593 seconds 
========================================================================
Received Import Request.
  Time since last request: 0.002798 seconds.
  path: Assets/BTM_Assets/BTM_Rockets_Missiles_Bombs/Prefabs/Orange/RMB_30.prefab
  artifactKey: Guid(089eb847bc755cb4080ddf208b7011dc) Importer(815301076,1909f56bfc062723c751e8b465ee728b)
Start importing Assets/BTM_Assets/BTM_Rockets_Missiles_Bombs/Prefabs/Orange/RMB_30.prefab using Guid(089eb847bc755cb4080ddf208b7011dc) Importer(815301076,1909f56bfc062723c751e8b465ee728b)  -> (artifact id: 'a7635f241d47858d487cb4b1dbb7947f') in 0.011171 seconds 
========================================================================
Received Import Request.
  Time since last request: 0.001120 seconds.
  path: Assets/BTM_Assets/BTM_Rockets_Missiles_Bombs/Prefabs/Orange/RMB_35.prefab
  artifactKey: Guid(31ec5f6e3daa3af418c2d537453f78de) Importer(815301076,1909f56bfc062723c751e8b465ee728b)
Start importing Assets/BTM_Assets/BTM_Rockets_Missiles_Bombs/Prefabs/Orange/RMB_35.prefab using Guid(31ec5f6e3daa3af418c2d537453f78de) Importer(815301076,1909f56bfc062723c751e8b465ee728b)  -> (artifact id: '474d7bf88518e47316ca5c7c9a173c8c') in 0.011047 seconds 
========================================================================
Received Import Request.
  Time since last request: 0.000014 seconds.
  path: Assets/BTM_Assets/BTM_Rockets_Missiles_Bombs/Prefabs/Orange/RMB_40.prefab
  artifactKey: Guid(76d1802028a78364999e47aa060b74aa) Importer(815301076,1909f56bfc062723c751e8b465ee728b)
Start importing Assets/BTM_Assets/BTM_Rockets_Missiles_Bombs/Prefabs/Orange/RMB_40.prefab using Guid(76d1802028a78364999e47aa060b74aa) Importer(815301076,1909f56bfc062723c751e8b465ee728b)  -> (artifact id: 'e4aaaf9ef73d9cd635ed7dcae1661d73') in 0.010919 seconds 
========================================================================
Received Prepare
Registering precompiled user dll's ...
Registered in 0.006037 seconds.
Begin MonoManager ReloadAssembly
Symbol file LoadedFromMemory doesn't match image C:\Users\lainxel\Desktop\22559012\Library\PackageCache\com.unity.visualscripting@1.8.0\Editor\VisualScripting.Core\Dependencies\YamlDotNet\Unity.VisualScripting.YamlDotNet.dll
Symbol file LoadedFromMemory doesn't match image C:\Users\lainxel\Desktop\22559012\Library\PackageCache\com.unity.visualscripting@1.8.0\Editor\VisualScripting.Core\Dependencies\DotNetZip\Unity.VisualScripting.IonicZip.dll
Native extension for WindowsStandalone target not found
Refreshing native plugins compatible for Editor in 0.56 ms, found 3 plugins.
Preloading 0 native plugins for Editor in 0.00 ms.
Mono: successfully reloaded assembly
- Completed reload, in  0.668 seconds
Domain Reload Profiling:
	ReloadAssembly (668ms)
		BeginReloadAssembly (97ms)
			ExecutionOrderSort (0ms)
			DisableScriptedObjects (2ms)
			BackupInstance (0ms)
			ReleaseScriptingObjects (0ms)
			CreateAndSetChildDomain (24ms)
		EndReloadAssembly (514ms)
			LoadAssemblies (73ms)
			RebuildTransferFunctionScriptingTraits (0ms)
			SetupTypeCache (166ms)
			ReleaseScriptCaches (1ms)
			RebuildScriptCaches (25ms)
			SetupLoadedEditorAssemblies (233ms)
				LogAssemblyErrors (0ms)
				InitializePlatformSupportModulesInManaged (4ms)
				SetLoadedEditorAssemblies (0ms)
				RefreshPlugins (1ms)
				BeforeProcessingInitializeOnLoad (48ms)
				ProcessInitializeOnLoadAttributes (128ms)
				ProcessInitializeOnLoadMethodAttributes (46ms)
				AfterProcessingInitializeOnLoad (6ms)
				EditorAssembliesLoaded (0ms)
			ExecutionOrderSort2 (0ms)
			AwakeInstancesAfterBackupRestoration (7ms)
Platform modules already initialized, skipping
Refreshing native plugins compatible for Editor in 1.46 ms, found 3 plugins.
Preloading 0 native plugins for Editor in 0.00 ms.
Unloading 4741 Unused Serialized files (Serialized files now loaded: 0)
Unloading 25 unused Assets / (0.7 MB). Loaded Objects now: 5327.
Memory consumption went from 191.0 MB to 190.3 MB.
Total: 2.022300 ms (FindLiveObjects: 0.185100 ms CreateObjectMapping: 0.065100 ms MarkObjects: 1.596800 ms  DeleteObjects: 0.174400 ms)

AssetImportParameters requested are different than current active one (requested -> active):
  custom:video-decoder-ogg-theora: a1e56fd34408186e4bbccfd4996cb3dc -> 
  custom:container-muxer-webm: aa71ff27fc2769a1b78a27578f13a17b -> 
  custom:container-demuxer-webm: 4f35f7cbe854078d1ac9338744f61a02 -> 
  custom:video-encoder-webm-vp8: eb34c28f22e8b96e1ab97ce403110664 -> 
  custom:audio-encoder-webm-vorbis: bf7c407c2cedff20999df2af8eb42d56 -> 
  custom:framework-win-MediaFoundation: 216162199b28c13a410421893ffa2e32 -> 
  custom:container-demuxer-ogg: 62fdf1f143b41e24485cea50d1cbac27 -> 
  custom:video-decoder-webm-vp8: 9c59270c3fd7afecdb556c50c9e8de78 -> 
  custom:audio-decoder-ogg-vorbis: bf7c407c2cedff20999df2af8eb42d56 -> 
========================================================================
Received Import Request.
  Time since last request: 84.161978 seconds.
  path: Assets/Resources/Prefabs/Monster.prefab
  artifactKey: Guid(d44ed7902b1778245a5b5bf11c0232c8) Importer(815301076,1909f56bfc062723c751e8b465ee728b)
Start importing Assets/Resources/Prefabs/Monster.prefab using Guid(d44ed7902b1778245a5b5bf11c0232c8) Importer(815301076,1909f56bfc062723c751e8b465ee728b)  -> (artifact id: 'c66023d0aa0af969ecfe093b81b6317b') in 0.066702 seconds 
========================================================================
Received Import Request.
  Time since last request: 8.359091 seconds.
  path: Assets/Resources/Prefabs/Monster.prefab
  artifactKey: Guid(d44ed7902b1778245a5b5bf11c0232c8) Importer(815301076,1909f56bfc062723c751e8b465ee728b)
Start importing Assets/Resources/Prefabs/Monster.prefab using Guid(d44ed7902b1778245a5b5bf11c0232c8) Importer(815301076,1909f56bfc062723c751e8b465ee728b)  -> (artifact id: '0fa45690ffa393dd55c55e04bf3ae7c5') in 0.018029 seconds 
========================================================================
Received Import Request.
  Time since last request: 2.964988 seconds.
  path: Assets/Resources/Prefabs/Monster.prefab
  artifactKey: Guid(d44ed7902b1778245a5b5bf11c0232c8) Importer(815301076,1909f56bfc062723c751e8b465ee728b)
Start importing Assets/Resources/Prefabs/Monster.prefab using Guid(d44ed7902b1778245a5b5bf11c0232c8) Importer(815301076,1909f56bfc062723c751e8b465ee728b)  -> (artifact id: 'b95a33078e1d769acd943c3dc1160243') in 0.026622 seconds 
========================================================================
Received Prepare
Registering precompiled user dll's ...
Registered in 0.005167 seconds.
Begin MonoManager ReloadAssembly
Symbol file LoadedFromMemory doesn't match image C:\Users\lainxel\Desktop\22559012\Library\PackageCache\com.unity.visualscripting@1.8.0\Editor\VisualScripting.Core\Dependencies\YamlDotNet\Unity.VisualScripting.YamlDotNet.dll
Symbol file LoadedFromMemory doesn't match image C:\Users\lainxel\Desktop\22559012\Library\PackageCache\com.unity.visualscripting@1.8.0\Editor\VisualScripting.Core\Dependencies\DotNetZip\Unity.VisualScripting.IonicZip.dll
Native extension for WindowsStandalone target not found
Refreshing native plugins compatible for Editor in 0.61 ms, found 3 plugins.
Preloading 0 native plugins for Editor in 0.00 ms.
Mono: successfully reloaded assembly
- Completed reload, in  0.669 seconds
Domain Reload Profiling:
	ReloadAssembly (670ms)
		BeginReloadAssembly (91ms)
			ExecutionOrderSort (0ms)
			DisableScriptedObjects (2ms)
			BackupInstance (0ms)
			ReleaseScriptingObjects (0ms)
			CreateAndSetChildDomain (22ms)
		EndReloadAssembly (520ms)
			LoadAssemblies (70ms)
			RebuildTransferFunctionScriptingTraits (0ms)
			SetupTypeCache (162ms)
			ReleaseScriptCaches (1ms)
			RebuildScriptCaches (24ms)
			SetupLoadedEditorAssemblies (245ms)
				LogAssemblyErrors (0ms)
				InitializePlatformSupportModulesInManaged (4ms)
				SetLoadedEditorAssemblies (0ms)
				RefreshPlugins (1ms)
				BeforeProcessingInitializeOnLoad (51ms)
				ProcessInitializeOnLoadAttributes (135ms)
				ProcessInitializeOnLoadMethodAttributes (47ms)
				AfterProcessingInitializeOnLoad (7ms)
				EditorAssembliesLoaded (0ms)
			ExecutionOrderSort2 (0ms)
			AwakeInstancesAfterBackupRestoration (8ms)
Platform modules already initialized, skipping
Refreshing native plugins compatible for Editor in 1.61 ms, found 3 plugins.
Preloading 0 native plugins for Editor in 0.00 ms.
Unloading 4741 Unused Serialized files (Serialized files now loaded: 0)
Unloading 25 unused Assets / (0.7 MB). Loaded Objects now: 5330.
Memory consumption went from 191.1 MB to 190.4 MB.
Total: 2.000700 ms (FindLiveObjects: 0.164300 ms CreateObjectMapping: 0.065700 ms MarkObjects: 1.581900 ms  DeleteObjects: 0.188200 ms)

AssetImportParameters requested are different than current active one (requested -> active):
  custom:video-decoder-ogg-theora: a1e56fd34408186e4bbccfd4996cb3dc -> 
  custom:container-muxer-webm: aa71ff27fc2769a1b78a27578f13a17b -> 
  custom:container-demuxer-webm: 4f35f7cbe854078d1ac9338744f61a02 -> 
  custom:video-encoder-webm-vp8: eb34c28f22e8b96e1ab97ce403110664 -> 
  custom:audio-encoder-webm-vorbis: bf7c407c2cedff20999df2af8eb42d56 -> 
  custom:framework-win-MediaFoundation: 216162199b28c13a410421893ffa2e32 -> 
  custom:container-demuxer-ogg: 62fdf1f143b41e24485cea50d1cbac27 -> 
  custom:video-decoder-webm-vp8: 9c59270c3fd7afecdb556c50c9e8de78 -> 
  custom:audio-decoder-ogg-vorbis: bf7c407c2cedff20999df2af8eb42d56 -> 
========================================================================
Received Import Request.
  Time since last request: 43.784616 seconds.
  path: Assets
  artifactKey: Guid(00000000000000001000000000000000) Importer(815301076,1909f56bfc062723c751e8b465ee728b)
Start importing Assets using Guid(00000000000000001000000000000000) Importer(815301076,1909f56bfc062723c751e8b465ee728b)  -> (artifact id: '79842766b460edbeab6a34051e857a80') in 0.014431 seconds 
========================================================================
Received Import Request.
  Time since last request: 249.125372 seconds.
  path: Assets/Resources/Materials/MaterialBackground.mat
  artifactKey: Guid(a72d2c3b013bade4fb9563cf86c3682d) Importer(815301076,1909f56bfc062723c751e8b465ee728b)
Start importing Assets/Resources/Materials/MaterialBackground.mat using Guid(a72d2c3b013bade4fb9563cf86c3682d) Importer(815301076,1909f56bfc062723c751e8b465ee728b)  -> (artifact id: 'dca641b066f5d2ebb445bfd958a50a31') in 0.040040 seconds 
========================================================================
Received Import Request.
  Time since last request: 11.807089 seconds.
  path: Assets/Resources/Materials/MaterialBackground 1.mat
  artifactKey: Guid(d7c09c92de839d049be29236d136f17e) Importer(815301076,1909f56bfc062723c751e8b465ee728b)
Start importing Assets/Resources/Materials/MaterialBackground 1.mat using Guid(d7c09c92de839d049be29236d136f17e) Importer(815301076,1909f56bfc062723c751e8b465ee728b)  -> (artifact id: 'c75cc604c5d81df01bc23a73d59b3f7b') in 0.010416 seconds 
========================================================================
Received Import Request.
  Time since last request: 22.315053 seconds.
  path: Assets/Resources/Materials/SkyBackground.mat
  artifactKey: Guid(d7c09c92de839d049be29236d136f17e) Importer(815301076,1909f56bfc062723c751e8b465ee728b)
Start importing Assets/Resources/Materials/SkyBackground.mat using Guid(d7c09c92de839d049be29236d136f17e) Importer(815301076,1909f56bfc062723c751e8b465ee728b)  -> (artifact id: '49988308c72f5b10edd1d7d456e00ef1') in 0.011142 seconds 
========================================================================
Received Import Request.
  Time since last request: 4.643939 seconds.
  path: Assets/SimpleSky/Materials
  artifactKey: Guid(d649527265565564e9130164eca65e91) Importer(815301076,1909f56bfc062723c751e8b465ee728b)
Start importing Assets/SimpleSky/Materials using Guid(d649527265565564e9130164eca65e91) Importer(815301076,1909f56bfc062723c751e8b465ee728b)  -> (artifact id: '9249fe8ca92d456b55617796feb5ae45') in 0.001856 seconds 
========================================================================
Received Import Request.
  Time since last request: 0.073284 seconds.
  path: Assets/SimpleSky/Materials/SimpleSky.mat
  artifactKey: Guid(e68f77e240a7f8643b5cc4253dc37516) Importer(815301076,1909f56bfc062723c751e8b465ee728b)
Start importing Assets/SimpleSky/Materials/SimpleSky.mat using Guid(e68f77e240a7f8643b5cc4253dc37516) Importer(815301076,1909f56bfc062723c751e8b465ee728b)  -> (artifact id: '85208ab53a5ba09cf2f2533a42986d72') in 0.026388 seconds 
========================================================================
Received Import Request.
  Time since last request: 0.847104 seconds.
  path: Assets/SimpleSky/Textures/SimpleSky.png
  artifactKey: Guid(7bab9ac1487e10c40b9ed77d4c551e04) Importer(815301076,1909f56bfc062723c751e8b465ee728b)
Start importing Assets/SimpleSky/Textures/SimpleSky.png using Guid(7bab9ac1487e10c40b9ed77d4c551e04) Importer(815301076,1909f56bfc062723c751e8b465ee728b)  -> (artifact id: '71e2c9bfe105c616ea4f7a0fbcf02815') in 0.027013 seconds 
========================================================================
Received Import Request.
  Time since last request: 4.827653 seconds.
  path: Assets/SimpleSky/Models
  artifactKey: Guid(e49b736bf6277c44db52aca49db5d4e6) Importer(815301076,1909f56bfc062723c751e8b465ee728b)
Start importing Assets/SimpleSky/Models using Guid(e49b736bf6277c44db52aca49db5d4e6) Importer(815301076,1909f56bfc062723c751e8b465ee728b)  -> (artifact id: '8957cbcb1f445770b40fe978b71c53b4') in 0.002515 seconds 
========================================================================
Received Import Request.
  Time since last request: 0.069495 seconds.
  path: Assets/SimpleSky/Models/Cloud_01.fbx
  artifactKey: Guid(d6a294bdf7386d64f8c846e5ac334ffa) Importer(815301076,1909f56bfc062723c751e8b465ee728b)
Start importing Assets/SimpleSky/Models/Cloud_01.fbx using Guid(d6a294bdf7386d64f8c846e5ac334ffa) Importer(815301076,1909f56bfc062723c751e8b465ee728b)  -> (artifact id: 'af5afeca6a5bb16193f3c92d5c6e1068') in 0.025679 seconds 
========================================================================
Received Import Request.
  Time since last request: 0.000016 seconds.
  path: Assets/SimpleSky/Models/SkyDome.fbx
  artifactKey: Guid(1340630fb7a3267499177be33f281f05) Importer(815301076,1909f56bfc062723c751e8b465ee728b)
Start importing Assets/SimpleSky/Models/SkyDome.fbx using Guid(1340630fb7a3267499177be33f281f05) Importer(815301076,1909f56bfc062723c751e8b465ee728b)  -> (artifact id: '188d91dda287a55c8ccda6b644fefa49') in 0.022132 seconds 
========================================================================
Received Import Request.
  Time since last request: 0.000019 seconds.
  path: Assets/SimpleSky/Models/Cloud_06.fbx
  artifactKey: Guid(9eee4a1abc7933341a548cf4c5fa26cb) Importer(815301076,1909f56bfc062723c751e8b465ee728b)
Start importing Assets/SimpleSky/Models/Cloud_06.fbx using Guid(9eee4a1abc7933341a548cf4c5fa26cb) Importer(815301076,1909f56bfc062723c751e8b465ee728b)  -> (artifact id: '9011ee84202b932a09633d489d68437f') in 0.012282 seconds 
========================================================================
Received Import Request.
  Time since last request: 0.000024 seconds.
  path: Assets/SimpleSky/Models/Cloud_03.fbx
  artifactKey: Guid(1b2c48376dafb734ab58d2226e1b7747) Importer(815301076,1909f56bfc062723c751e8b465ee728b)
Start importing Assets/SimpleSky/Models/Cloud_03.fbx using Guid(1b2c48376dafb734ab58d2226e1b7747) Importer(815301076,1909f56bfc062723c751e8b465ee728b)  -> (artifact id: '93d77051de9a5e83460a5681f53e1eef') in 0.013143 seconds 
========================================================================
Received Import Request.
  Time since last request: 0.000017 seconds.
  path: Assets/SimpleSky/Models/Cloud_04.fbx
  artifactKey: Guid(5df7daeab707230409664c66ca47c5ad) Importer(815301076,1909f56bfc062723c751e8b465ee728b)
Start importing Assets/SimpleSky/Models/Cloud_04.fbx using Guid(5df7daeab707230409664c66ca47c5ad) Importer(815301076,1909f56bfc062723c751e8b465ee728b)  -> (artifact id: '11f037bbdaad9b99bc459e58f437e394') in 0.012493 seconds 
========================================================================
Received Import Request.
  Time since last request: 1.897015 seconds.
  path: Assets/SimpleSky/Prefabs
  artifactKey: Guid(51dfc627474c10c4fb05d2796996ef32) Importer(815301076,1909f56bfc062723c751e8b465ee728b)
Start importing Assets/SimpleSky/Prefabs using Guid(51dfc627474c10c4fb05d2796996ef32) Importer(815301076,1909f56bfc062723c751e8b465ee728b)  -> (artifact id: 'aa1e6453502774b63fc9fe13b3f6cb1f') in 0.002254 seconds 
========================================================================
Received Import Request.
  Time since last request: 0.055959 seconds.
  path: Assets/SimpleSky/Prefabs/Cloud_01.prefab
  artifactKey: Guid(09062dc0008857b46aaacdb7206f1453) Importer(815301076,1909f56bfc062723c751e8b465ee728b)
Start importing Assets/SimpleSky/Prefabs/Cloud_01.prefab using Guid(09062dc0008857b46aaacdb7206f1453) Importer(815301076,1909f56bfc062723c751e8b465ee728b)  -> (artifact id: '1a7805feed52a56268579398471c9777') in 0.010843 seconds 
========================================================================
Received Import Request.
  Time since last request: 0.000017 seconds.
  path: Assets/SimpleSky/Prefabs/Cloud_06.prefab
  artifactKey: Guid(c2391e8a6bdf5424194b61e41952a40a) Importer(815301076,1909f56bfc062723c751e8b465ee728b)
Start importing Assets/SimpleSky/Prefabs/Cloud_06.prefab using Guid(c2391e8a6bdf5424194b61e41952a40a) Importer(815301076,1909f56bfc062723c751e8b465ee728b)  -> (artifact id: 'df743facbf2d19b1d47564e59bf178ed') in 0.011601 seconds 
========================================================================
Received Import Request.
  Time since last request: 0.000016 seconds.
  path: Assets/SimpleSky/Prefabs/Cloud_05.prefab
  artifactKey: Guid(c37b1ccfbc7ed274eb99f9d40e72c4e6) Importer(815301076,1909f56bfc062723c751e8b465ee728b)
Start importing Assets/SimpleSky/Prefabs/Cloud_05.prefab using Guid(c37b1ccfbc7ed274eb99f9d40e72c4e6) Importer(815301076,1909f56bfc062723c751e8b465ee728b)  -> (artifact id: 'c9c7ef304c519a4d864bbafd42e57dee') in 0.011866 seconds 
========================================================================
Received Import Request.
  Time since last request: 0.000017 seconds.
  path: Assets/SimpleSky/Prefabs/Cloud_04.prefab
  artifactKey: Guid(420bde364644a314396dc8ed24ee99d6) Importer(815301076,1909f56bfc062723c751e8b465ee728b)
Start importing Assets/SimpleSky/Prefabs/Cloud_04.prefab using Guid(420bde364644a314396dc8ed24ee99d6) Importer(815301076,1909f56bfc062723c751e8b465ee728b)  -> (artifact id: 'dd3c61fa55319b2537e562f8ad1c4af0') in 0.011645 seconds 
Editor requested this worker to shutdown with reason: Scaling down because of idle timeout
AssetImportWorker is now disconnected from the server
Process exiting
Exiting without the bug reporter. Application will terminate with return code 0