Using pre-set license
Built from '2021.3/staging' branch; Version is '2021.3.22f1 (b6c551784ba3) revision 11978065'; Using compiler version '192829333'; Build Type 'Release'
OS: 'Windows 11  (10.0.22631) 64bit Core' Language: 'ko' Physical Memory: 32598 MB
BatchMode: 1, IsHumanControllingUs: 0, StartBugReporterOnCrash: 0, Is64bit: 1, IsPro: 1

COMMAND LINE ARGUMENTS:
C:\Program Files\Unity\Hub\Editor\2021.3.22f1\Editor\Unity.exe
-adb2
-batchMode
-noUpm
-name
AssetImportWorker3
-projectPath
C:/Users/lainxel/Desktop/22559012
-logFile
Logs/AssetImportWorker3.log
-srvPort
51487
Successfully changed project path to: C:/Users/lainxel/Desktop/22559012
C:/Users/lainxel/Desktop/22559012
[UnityMemory] Configuration Parameters - Can be set up in boot.config
    "memorysetup-bucket-allocator-granularity=16"
    "memorysetup-bucket-allocator-bucket-count=8"
    "memorysetup-bucket-allocator-block-size=33554432"
    "memorysetup-bucket-allocator-block-count=8"
    "memorysetup-main-allocator-block-size=16777216"
    "memorysetup-thread-allocator-block-size=16777216"
    "memorysetup-gfx-main-allocator-block-size=16777216"
    "memorysetup-gfx-thread-allocator-block-size=16777216"
    "memorysetup-cache-allocator-block-size=4194304"
    "memorysetup-typetree-allocator-block-size=2097152"
    "memorysetup-profiler-bucket-allocator-granularity=16"
    "memorysetup-profiler-bucket-allocator-bucket-count=8"
    "memorysetup-profiler-bucket-allocator-block-size=33554432"
    "memorysetup-profiler-bucket-allocator-block-count=8"
    "memorysetup-profiler-allocator-block-size=16777216"
    "memorysetup-profiler-editor-allocator-block-size=1048576"
    "memorysetup-temp-allocator-size-main=16777216"
    "memorysetup-job-temp-allocator-block-size=2097152"
    "memorysetup-job-temp-allocator-block-size-background=1048576"
    "memorysetup-job-temp-allocator-reduction-small-platforms=262144"
    "memorysetup-temp-allocator-size-background-worker=32768"
    "memorysetup-temp-allocator-size-job-worker=262144"
    "memorysetup-temp-allocator-size-preload-manager=33554432"
    "memorysetup-temp-allocator-size-nav-mesh-worker=65536"
    "memorysetup-temp-allocator-size-audio-worker=65536"
    "memorysetup-temp-allocator-size-cloud-worker=32768"
    "memorysetup-temp-allocator-size-gi-baking-worker=262144"
    "memorysetup-temp-allocator-size-gfx=262144"
Player connection [48080] Host "[IP] 192.168.0.23 [Port] 0 [Flags] 2 [Guid] 2406142896 [EditorId] 2406142896 [Version] 1048832 [Id] WindowsEditor(7,DESKTOP-KQV43BI) [Debug] 1 [PackageName] WindowsEditor [ProjectName] Editor" joined multi-casting on [225.0.0.222:54997]...

Player connection [48080] Host "[IP] 192.168.0.23 [Port] 0 [Flags] 2 [Guid] 2406142896 [EditorId] 2406142896 [Version] 1048832 [Id] WindowsEditor(7,DESKTOP-KQV43BI) [Debug] 1 [PackageName] WindowsEditor [ProjectName] Editor" joined alternative multi-casting on [225.0.0.222:34997]...

Refreshing native plugins compatible for Editor in 59.06 ms, found 3 plugins.
Preloading 0 native plugins for Editor in 0.00 ms.
Initialize engine version: 2021.3.22f1 (b6c551784ba3)
[Subsystems] Discovering subsystems at path C:/Program Files/Unity/Hub/Editor/2021.3.22f1/Editor/Data/Resources/UnitySubsystems
[Subsystems] Discovering subsystems at path C:/Users/lainxel/Desktop/22559012/Assets
GfxDevice: creating device client; threaded=0; jobified=0
Direct3D:
    Version:  Direct3D 11.0 [level 11.1]
    Renderer: NVIDIA GeForce RTX 4060 Ti (ID=0x2803)
    Vendor:   NVIDIA
    VRAM:     16109 MB
    Driver:   32.0.15.8157
Initialize mono
Mono path[0] = 'C:/Program Files/Unity/Hub/Editor/2021.3.22f1/Editor/Data/Managed'
Mono path[1] = 'C:/Program Files/Unity/Hub/Editor/2021.3.22f1/Editor/Data/MonoBleedingEdge/lib/mono/unityjit-win32'
Mono config path = 'C:/Program Files/Unity/Hub/Editor/2021.3.22f1/Editor/Data/MonoBleedingEdge/etc'
Using monoOptions --debugger-agent=transport=dt_socket,embedding=1,server=y,suspend=n,address=127.0.0.1:56388
Begin MonoManager ReloadAssembly
Registering precompiled unity dll's ...
Register platform support module: C:/Program Files/Unity/Hub/Editor/2021.3.22f1/Editor/Data/PlaybackEngines/WindowsStandaloneSupport/UnityEditor.WindowsStandalone.Extensions.dll
Registered in 0.004087 seconds.
Native extension for WindowsStandalone target not found
Refreshing native plugins compatible for Editor in 54.41 ms, found 3 plugins.
Preloading 0 native plugins for Editor in 0.00 ms.
Mono: successfully reloaded assembly
- Completed reload, in  0.369 seconds
Domain Reload Profiling:
	ReloadAssembly (370ms)
		BeginReloadAssembly (65ms)
			ExecutionOrderSort (0ms)
			DisableScriptedObjects (0ms)
			BackupInstance (0ms)
			ReleaseScriptingObjects (0ms)
			CreateAndSetChildDomain (0ms)
		EndReloadAssembly (249ms)
			LoadAssemblies (64ms)
			RebuildTransferFunctionScriptingTraits (0ms)
			SetupTypeCache (52ms)
			ReleaseScriptCaches (0ms)
			RebuildScriptCaches (14ms)
			SetupLoadedEditorAssemblies (154ms)
				LogAssemblyErrors (0ms)
				InitializePlatformSupportModulesInManaged (5ms)
				SetLoadedEditorAssemblies (0ms)
				RefreshPlugins (54ms)
				BeforeProcessingInitializeOnLoad (1ms)
				ProcessInitializeOnLoadAttributes (67ms)
				ProcessInitializeOnLoadMethodAttributes (28ms)
				AfterProcessingInitializeOnLoad (0ms)
				EditorAssembliesLoaded (0ms)
			ExecutionOrderSort2 (0ms)
			AwakeInstancesAfterBackupRestoration (0ms)
Platform modules already initialized, skipping
Registering precompiled user dll's ...
Registered in 0.004952 seconds.
Begin MonoManager ReloadAssembly
Symbol file LoadedFromMemory doesn't match image C:\Users\lainxel\Desktop\22559012\Library\PackageCache\com.unity.visualscripting@1.8.0\Editor\VisualScripting.Core\Dependencies\YamlDotNet\Unity.VisualScripting.YamlDotNet.dll
Symbol file LoadedFromMemory doesn't match image C:\Users\lainxel\Desktop\22559012\Library\PackageCache\com.unity.visualscripting@1.8.0\Editor\VisualScripting.Core\Dependencies\DotNetZip\Unity.VisualScripting.IonicZip.dll
Native extension for WindowsStandalone target not found
Refreshing native plugins compatible for Editor in 55.31 ms, found 3 plugins.
Preloading 0 native plugins for Editor in 0.00 ms.
Mono: successfully reloaded assembly
- Completed reload, in  0.701 seconds
Domain Reload Profiling:
	ReloadAssembly (702ms)
		BeginReloadAssembly (73ms)
			ExecutionOrderSort (0ms)
			DisableScriptedObjects (3ms)
			BackupInstance (0ms)
			ReleaseScriptingObjects (0ms)
			CreateAndSetChildDomain (10ms)
		EndReloadAssembly (569ms)
			LoadAssemblies (72ms)
			RebuildTransferFunctionScriptingTraits (0ms)
			SetupTypeCache (155ms)
			ReleaseScriptCaches (0ms)
			RebuildScriptCaches (29ms)
			SetupLoadedEditorAssemblies (299ms)
				LogAssemblyErrors (0ms)
				InitializePlatformSupportModulesInManaged (3ms)
				SetLoadedEditorAssemblies (0ms)
				RefreshPlugins (55ms)
				BeforeProcessingInitializeOnLoad (59ms)
				ProcessInitializeOnLoadAttributes (134ms)
				ProcessInitializeOnLoadMethodAttributes (40ms)
				AfterProcessingInitializeOnLoad (7ms)
				EditorAssembliesLoaded (0ms)
			ExecutionOrderSort2 (0ms)
			AwakeInstancesAfterBackupRestoration (7ms)
Platform modules already initialized, skipping
========================================================================
Worker process is ready to serve import requests
Launched and connected shader compiler UnityShaderCompiler.exe after 0.05 seconds
Refreshing native plugins compatible for Editor in 0.79 ms, found 3 plugins.
Preloading 0 native plugins for Editor in 0.00 ms.
Unloading 4823 Unused Serialized files (Serialized files now loaded: 0)
Unloading 32 unused Assets / (0.7 MB). Loaded Objects now: 5280.
Memory consumption went from 194.0 MB to 193.3 MB.
Total: 2.922300 ms (FindLiveObjects: 0.234700 ms CreateObjectMapping: 0.108600 ms MarkObjects: 2.304800 ms  DeleteObjects: 0.272900 ms)

AssetImportParameters requested are different than current active one (requested -> active):
  custom:video-decoder-ogg-theora: a1e56fd34408186e4bbccfd4996cb3dc -> 
  custom:container-muxer-webm: aa71ff27fc2769a1b78a27578f13a17b -> 
  custom:container-demuxer-webm: 4f35f7cbe854078d1ac9338744f61a02 -> 
  custom:video-encoder-webm-vp8: eb34c28f22e8b96e1ab97ce403110664 -> 
  custom:audio-encoder-webm-vorbis: bf7c407c2cedff20999df2af8eb42d56 -> 
  custom:framework-win-MediaFoundation: 216162199b28c13a410421893ffa2e32 -> 
  custom:container-demuxer-ogg: 62fdf1f143b41e24485cea50d1cbac27 -> 
  custom:video-decoder-webm-vp8: 9c59270c3fd7afecdb556c50c9e8de78 -> 
  custom:audio-decoder-ogg-vorbis: bf7c407c2cedff20999df2af8eb42d56 -> 
========================================================================
Received Import Request.
  Time since last request: 44444.636613 seconds.
  path: Assets/16 Low Poly Missiles - Bundle/Prefabs/Missile 1/RedMissile1.prefab
  artifactKey: Guid(7b495393b0471a9419906723dc40b202) Importer(815301076,1909f56bfc062723c751e8b465ee728b)
Start importing Assets/16 Low Poly Missiles - Bundle/Prefabs/Missile 1/RedMissile1.prefab using Guid(7b495393b0471a9419906723dc40b202) Importer(815301076,1909f56bfc062723c751e8b465ee728b)  -> (artifact id: 'e0c8b23282b0831aefc9c2aea218b0f4') in 0.079771 seconds 
========================================================================
Received Import Request.
  Time since last request: 104.246121 seconds.
  path: Assets/BTM_Assets/BTM_Rockets_Missiles_Bombs/Materials/RocketsPalletteBlank.mat
  artifactKey: Guid(2b7876ae0786e024a9ffb3d967163128) Importer(815301076,1909f56bfc062723c751e8b465ee728b)
Start importing Assets/BTM_Assets/BTM_Rockets_Missiles_Bombs/Materials/RocketsPalletteBlank.mat using Guid(2b7876ae0786e024a9ffb3d967163128) Importer(815301076,1909f56bfc062723c751e8b465ee728b)  -> (artifact id: 'ed6dc9513dcfa676d23b1315cceb0e83') in 0.035749 seconds 
========================================================================
Received Import Request.
  Time since last request: 0.000017 seconds.
  path: Assets/BTM_Assets/BTM_Rockets_Missiles_Bombs/Materials/RocketsPalletteGreen.mat
  artifactKey: Guid(effb278466e36474989bd577f63840b1) Importer(815301076,1909f56bfc062723c751e8b465ee728b)
Start importing Assets/BTM_Assets/BTM_Rockets_Missiles_Bombs/Materials/RocketsPalletteGreen.mat using Guid(effb278466e36474989bd577f63840b1) Importer(815301076,1909f56bfc062723c751e8b465ee728b)  -> (artifact id: 'fd4d3d07e705f15b3eb2535beecb71c9') in 0.026479 seconds 
========================================================================
Received Import Request.
  Time since last request: 0.000017 seconds.
  path: Assets/BTM_Assets/BTM_Rockets_Missiles_Bombs/Materials/RocketsPallettePink.mat
  artifactKey: Guid(6c121e11c1fbe994a928335538344c18) Importer(815301076,1909f56bfc062723c751e8b465ee728b)
Start importing Assets/BTM_Assets/BTM_Rockets_Missiles_Bombs/Materials/RocketsPallettePink.mat using Guid(6c121e11c1fbe994a928335538344c18) Importer(815301076,1909f56bfc062723c751e8b465ee728b)  -> (artifact id: '1c2fba67d2755a4bd2e5be21d4b5492d') in 0.027046 seconds 
========================================================================
Received Import Request.
  Time since last request: 0.000015 seconds.
  path: Assets/BTM_Assets/BTM_Rockets_Missiles_Bombs/Materials/RocketsPalletteGrey.mat
  artifactKey: Guid(3fe3bbcc093ebdb4391d77116c4275e0) Importer(815301076,1909f56bfc062723c751e8b465ee728b)
Start importing Assets/BTM_Assets/BTM_Rockets_Missiles_Bombs/Materials/RocketsPalletteGrey.mat using Guid(3fe3bbcc093ebdb4391d77116c4275e0) Importer(815301076,1909f56bfc062723c751e8b465ee728b)  -> (artifact id: '47c0c87a06545ac39ad3f6ffbed97bc2') in 0.024051 seconds 
========================================================================
Received Import Request.
  Time since last request: 4.250918 seconds.
  path: Assets/BTM_Assets/BTM_Rockets_Missiles_Bombs/Models/RMB_03.fbx
  artifactKey: Guid(8636b4806cf43c941a1caa22a66cf33d) Importer(815301076,1909f56bfc062723c751e8b465ee728b)
Start importing Assets/BTM_Assets/BTM_Rockets_Missiles_Bombs/Models/RMB_03.fbx using Guid(8636b4806cf43c941a1caa22a66cf33d) Importer(815301076,1909f56bfc062723c751e8b465ee728b)  -> (artifact id: 'ae2dcb5b09147c75205a62122b03911a') in 0.089825 seconds 
========================================================================
Received Import Request.
  Time since last request: 0.000017 seconds.
  path: Assets/BTM_Assets/BTM_Rockets_Missiles_Bombs/Models/RMB_13.fbx
  artifactKey: Guid(15f916550f169534292bfda685babab0) Importer(815301076,1909f56bfc062723c751e8b465ee728b)
Start importing Assets/BTM_Assets/BTM_Rockets_Missiles_Bombs/Models/RMB_13.fbx using Guid(15f916550f169534292bfda685babab0) Importer(815301076,1909f56bfc062723c751e8b465ee728b)  -> (artifact id: 'ea4dbe6568f94084e05a3daae869bcff') in 0.016122 seconds 
========================================================================
Received Import Request.
  Time since last request: 0.000017 seconds.
  path: Assets/BTM_Assets/BTM_Rockets_Missiles_Bombs/Models/RMB_35.fbx
  artifactKey: Guid(7497ca95bbc2ce0418d92524b6dc2527) Importer(815301076,1909f56bfc062723c751e8b465ee728b)
Start importing Assets/BTM_Assets/BTM_Rockets_Missiles_Bombs/Models/RMB_35.fbx using Guid(7497ca95bbc2ce0418d92524b6dc2527) Importer(815301076,1909f56bfc062723c751e8b465ee728b)  -> (artifact id: 'ec209fdda575e5414fc71272afefe32f') in 0.017506 seconds 
========================================================================
Received Import Request.
  Time since last request: 0.000015 seconds.
  path: Assets/BTM_Assets/BTM_Rockets_Missiles_Bombs/Models/RMB_36.fbx
  artifactKey: Guid(042662d0a01f0b349aa80c88dca238ce) Importer(815301076,1909f56bfc062723c751e8b465ee728b)
Start importing Assets/BTM_Assets/BTM_Rockets_Missiles_Bombs/Models/RMB_36.fbx using Guid(042662d0a01f0b349aa80c88dca238ce) Importer(815301076,1909f56bfc062723c751e8b465ee728b)  -> (artifact id: '8f24a3d54fba8183a3abc0390cf3bb29') in 0.023685 seconds 
========================================================================
Received Import Request.
  Time since last request: 0.000013 seconds.
  path: Assets/BTM_Assets/BTM_Rockets_Missiles_Bombs/Models/RMB_41.fbx
  artifactKey: Guid(75acb899eb0b2904e9e9e77077d655ab) Importer(815301076,1909f56bfc062723c751e8b465ee728b)
Start importing Assets/BTM_Assets/BTM_Rockets_Missiles_Bombs/Models/RMB_41.fbx using Guid(75acb899eb0b2904e9e9e77077d655ab) Importer(815301076,1909f56bfc062723c751e8b465ee728b)  -> (artifact id: 'bfe087f0749e903d7211d818b20348aa') in 0.017485 seconds 
========================================================================
Received Import Request.
  Time since last request: 0.000017 seconds.
  path: Assets/BTM_Assets/BTM_Rockets_Missiles_Bombs/Models/RMB_24.fbx
  artifactKey: Guid(eba88bf835206f54085f1bf6057b25f5) Importer(815301076,1909f56bfc062723c751e8b465ee728b)
Start importing Assets/BTM_Assets/BTM_Rockets_Missiles_Bombs/Models/RMB_24.fbx using Guid(eba88bf835206f54085f1bf6057b25f5) Importer(815301076,1909f56bfc062723c751e8b465ee728b)  -> (artifact id: '42c3945ffe4ad99450682741c82ace18') in 0.017986 seconds 
========================================================================
Received Import Request.
  Time since last request: 0.000016 seconds.
  path: Assets/BTM_Assets/BTM_Rockets_Missiles_Bombs/Models/RMB_33.fbx
  artifactKey: Guid(81b961eca690f8a488a82f1461c13389) Importer(815301076,1909f56bfc062723c751e8b465ee728b)
Start importing Assets/BTM_Assets/BTM_Rockets_Missiles_Bombs/Models/RMB_33.fbx using Guid(81b961eca690f8a488a82f1461c13389) Importer(815301076,1909f56bfc062723c751e8b465ee728b)  -> (artifact id: '737cdc7d19c3d31dc2a17cfdba1c34af') in 0.022448 seconds 
========================================================================
Received Import Request.
  Time since last request: 0.000015 seconds.
  path: Assets/BTM_Assets/BTM_Rockets_Missiles_Bombs/Models/RMB_19.fbx
  artifactKey: Guid(becc7190f10974146a213eb357ca2a53) Importer(815301076,1909f56bfc062723c751e8b465ee728b)
Start importing Assets/BTM_Assets/BTM_Rockets_Missiles_Bombs/Models/RMB_19.fbx using Guid(becc7190f10974146a213eb357ca2a53) Importer(815301076,1909f56bfc062723c751e8b465ee728b)  -> (artifact id: '8d355d4eaa0b1b004265b3c53f110967') in 0.023371 seconds 
========================================================================
Received Import Request.
  Time since last request: 0.000016 seconds.
  path: Assets/BTM_Assets/BTM_Rockets_Missiles_Bombs/Models/RMB_25.fbx
  artifactKey: Guid(b0f5f9e0193e4b847b073274d1e59cf2) Importer(815301076,1909f56bfc062723c751e8b465ee728b)
Start importing Assets/BTM_Assets/BTM_Rockets_Missiles_Bombs/Models/RMB_25.fbx using Guid(b0f5f9e0193e4b847b073274d1e59cf2) Importer(815301076,1909f56bfc062723c751e8b465ee728b)  -> (artifact id: '6046690b9ff6a558ff7b81b5fc0ab56a') in 0.017488 seconds 
========================================================================
Received Import Request.
  Time since last request: 0.000015 seconds.
  path: Assets/BTM_Assets/BTM_Rockets_Missiles_Bombs/Models/RMB_12.fbx
  artifactKey: Guid(4a1029142eefab644bbcbab3875e5aed) Importer(815301076,1909f56bfc062723c751e8b465ee728b)
Start importing Assets/BTM_Assets/BTM_Rockets_Missiles_Bombs/Models/RMB_12.fbx using Guid(4a1029142eefab644bbcbab3875e5aed) Importer(815301076,1909f56bfc062723c751e8b465ee728b)  -> (artifact id: '9220573f9453b8feaa7b43f5fd1cbbc8') in 0.023668 seconds 
========================================================================
Received Import Request.
  Time since last request: 0.000013 seconds.
  path: Assets/BTM_Assets/BTM_Rockets_Missiles_Bombs/Models/RMB_20.fbx
  artifactKey: Guid(7c1dc7b8d6ab7cb4288169b08f6b889b) Importer(815301076,1909f56bfc062723c751e8b465ee728b)
Start importing Assets/BTM_Assets/BTM_Rockets_Missiles_Bombs/Models/RMB_20.fbx using Guid(7c1dc7b8d6ab7cb4288169b08f6b889b) Importer(815301076,1909f56bfc062723c751e8b465ee728b)  -> (artifact id: '17090bd60206682377070b503bd0df56') in 0.020065 seconds 
========================================================================
Received Import Request.
  Time since last request: 10.205481 seconds.
  path: Assets/BTM_Assets/BTM_Rockets_Missiles_Bombs/Prefabs/Yellow/RMB_03.prefab
  artifactKey: Guid(eb2bc16dd6031be48a67f5f33a1615b5) Importer(815301076,1909f56bfc062723c751e8b465ee728b)
Start importing Assets/BTM_Assets/BTM_Rockets_Missiles_Bombs/Prefabs/Yellow/RMB_03.prefab using Guid(eb2bc16dd6031be48a67f5f33a1615b5) Importer(815301076,1909f56bfc062723c751e8b465ee728b)  -> (artifact id: '1ed64dd111d497207891532c255e8c92') in 0.013143 seconds 
========================================================================
Received Import Request.
  Time since last request: 0.000015 seconds.
  path: Assets/BTM_Assets/BTM_Rockets_Missiles_Bombs/Prefabs/Yellow/RMB_08.prefab
  artifactKey: Guid(078859d87c145e044a2ca714910a0cfe) Importer(815301076,1909f56bfc062723c751e8b465ee728b)
Start importing Assets/BTM_Assets/BTM_Rockets_Missiles_Bombs/Prefabs/Yellow/RMB_08.prefab using Guid(078859d87c145e044a2ca714910a0cfe) Importer(815301076,1909f56bfc062723c751e8b465ee728b)  -> (artifact id: '323141903e75f5862f3b20787944aa49') in 0.011245 seconds 
========================================================================
Received Import Request.
  Time since last request: 0.000014 seconds.
  path: Assets/BTM_Assets/BTM_Rockets_Missiles_Bombs/Prefabs/Yellow/RMB_14.prefab
  artifactKey: Guid(4c0ed7be37e19da40965d1229e41fff5) Importer(815301076,1909f56bfc062723c751e8b465ee728b)
Start importing Assets/BTM_Assets/BTM_Rockets_Missiles_Bombs/Prefabs/Yellow/RMB_14.prefab using Guid(4c0ed7be37e19da40965d1229e41fff5) Importer(815301076,1909f56bfc062723c751e8b465ee728b)  -> (artifact id: 'f79df13ac3aea4fdaf33cc7e5d9b3e72') in 0.011168 seconds 
========================================================================
Received Import Request.
  Time since last request: 0.000015 seconds.
  path: Assets/BTM_Assets/BTM_Rockets_Missiles_Bombs/Prefabs/Yellow/RMB_19.prefab
  artifactKey: Guid(87fad27e5446fe74ba1c689ce283cd1f) Importer(815301076,1909f56bfc062723c751e8b465ee728b)
Start importing Assets/BTM_Assets/BTM_Rockets_Missiles_Bombs/Prefabs/Yellow/RMB_19.prefab using Guid(87fad27e5446fe74ba1c689ce283cd1f) Importer(815301076,1909f56bfc062723c751e8b465ee728b)  -> (artifact id: '453e13242944e034d1c7241393c0a166') in 0.010417 seconds 
========================================================================
Received Import Request.
  Time since last request: 0.000013 seconds.
  path: Assets/BTM_Assets/BTM_Rockets_Missiles_Bombs/Prefabs/Yellow/RMB_24.prefab
  artifactKey: Guid(800699be517eee248a6033768a219392) Importer(815301076,1909f56bfc062723c751e8b465ee728b)
Start importing Assets/BTM_Assets/BTM_Rockets_Missiles_Bombs/Prefabs/Yellow/RMB_24.prefab using Guid(800699be517eee248a6033768a219392) Importer(815301076,1909f56bfc062723c751e8b465ee728b)  -> (artifact id: '617579e97e5ff90705132fb32b96c080') in 0.010349 seconds 
========================================================================
Received Import Request.
  Time since last request: 0.000012 seconds.
  path: Assets/BTM_Assets/BTM_Rockets_Missiles_Bombs/Prefabs/Yellow/RMB_23.prefab
  artifactKey: Guid(b237d0d3274ddb84086eb5810a582c84) Importer(815301076,1909f56bfc062723c751e8b465ee728b)
Start importing Assets/BTM_Assets/BTM_Rockets_Missiles_Bombs/Prefabs/Yellow/RMB_23.prefab using Guid(b237d0d3274ddb84086eb5810a582c84) Importer(815301076,1909f56bfc062723c751e8b465ee728b)  -> (artifact id: '03c92e204c9460a4dcfa1d05b520bb46') in 0.009588 seconds 
========================================================================
Received Import Request.
  Time since last request: 0.000012 seconds.
  path: Assets/BTM_Assets/BTM_Rockets_Missiles_Bombs/Prefabs/Yellow/RMB_33.prefab
  artifactKey: Guid(a3b362a36f601124b881c24700a1c698) Importer(815301076,1909f56bfc062723c751e8b465ee728b)
Start importing Assets/BTM_Assets/BTM_Rockets_Missiles_Bombs/Prefabs/Yellow/RMB_33.prefab using Guid(a3b362a36f601124b881c24700a1c698) Importer(815301076,1909f56bfc062723c751e8b465ee728b)  -> (artifact id: '7927767bba39c9011ad62b59a3dea4c8') in 0.011055 seconds 
========================================================================
Received Import Request.
  Time since last request: 0.000013 seconds.
  path: Assets/BTM_Assets/BTM_Rockets_Missiles_Bombs/Prefabs/Yellow/RMB_38.prefab
  artifactKey: Guid(4e9ccbc2a8fd3de4f9065eb2a353e122) Importer(815301076,1909f56bfc062723c751e8b465ee728b)
Start importing Assets/BTM_Assets/BTM_Rockets_Missiles_Bombs/Prefabs/Yellow/RMB_38.prefab using Guid(4e9ccbc2a8fd3de4f9065eb2a353e122) Importer(815301076,1909f56bfc062723c751e8b465ee728b)  -> (artifact id: '556278cacf64aea7fc9c5ecfa41076d2') in 0.011590 seconds 
========================================================================
Received Import Request.
  Time since last request: 3.786915 seconds.
  path: Assets/BTM_Assets/BTM_Rockets_Missiles_Bombs/Prefabs/Orange/RMB_03.prefab
  artifactKey: Guid(172eb9ffd508e444eb170893f9f76430) Importer(815301076,1909f56bfc062723c751e8b465ee728b)
Start importing Assets/BTM_Assets/BTM_Rockets_Missiles_Bombs/Prefabs/Orange/RMB_03.prefab using Guid(172eb9ffd508e444eb170893f9f76430) Importer(815301076,1909f56bfc062723c751e8b465ee728b)  -> (artifact id: 'ce2296c6de5aed22932f0d32abba1e70') in 0.012826 seconds 
========================================================================
Received Import Request.
  Time since last request: 0.000013 seconds.
  path: Assets/BTM_Assets/BTM_Rockets_Missiles_Bombs/Prefabs/Orange/RMB_07.prefab
  artifactKey: Guid(93c6adf2d109e7143a76292eac2ab532) Importer(815301076,1909f56bfc062723c751e8b465ee728b)
Start importing Assets/BTM_Assets/BTM_Rockets_Missiles_Bombs/Prefabs/Orange/RMB_07.prefab using Guid(93c6adf2d109e7143a76292eac2ab532) Importer(815301076,1909f56bfc062723c751e8b465ee728b)  -> (artifact id: 'd9b5d5b6ebdd5a27ff97f1344bb8aa78') in 0.010920 seconds 
========================================================================
Received Import Request.
  Time since last request: 0.000501 seconds.
  path: Assets/BTM_Assets/BTM_Rockets_Missiles_Bombs/Prefabs/Orange/RMB_11.prefab
  artifactKey: Guid(9e05c70a6b77389429b325ebc1b68beb) Importer(815301076,1909f56bfc062723c751e8b465ee728b)
Start importing Assets/BTM_Assets/BTM_Rockets_Missiles_Bombs/Prefabs/Orange/RMB_11.prefab using Guid(9e05c70a6b77389429b325ebc1b68beb) Importer(815301076,1909f56bfc062723c751e8b465ee728b)  -> (artifact id: '58f685b36a53629c2b9f7a76fff566b2') in 0.011491 seconds 
========================================================================
Received Import Request.
  Time since last request: 0.000014 seconds.
  path: Assets/BTM_Assets/BTM_Rockets_Missiles_Bombs/Prefabs/Orange/RMB_16.prefab
  artifactKey: Guid(c419273ec6b58e84ab49eea87400d9b3) Importer(815301076,1909f56bfc062723c751e8b465ee728b)
Start importing Assets/BTM_Assets/BTM_Rockets_Missiles_Bombs/Prefabs/Orange/RMB_16.prefab using Guid(c419273ec6b58e84ab49eea87400d9b3) Importer(815301076,1909f56bfc062723c751e8b465ee728b)  -> (artifact id: '3c41b60c49eee890c8b4962b42ac7fe9') in 0.010658 seconds 
========================================================================
Received Import Request.
  Time since last request: 0.000014 seconds.
  path: Assets/BTM_Assets/BTM_Rockets_Missiles_Bombs/Prefabs/Orange/RMB_21.prefab
  artifactKey: Guid(1c9a091bd74454043b3e6b31dcd8f4d2) Importer(815301076,1909f56bfc062723c751e8b465ee728b)
Start importing Assets/BTM_Assets/BTM_Rockets_Missiles_Bombs/Prefabs/Orange/RMB_21.prefab using Guid(1c9a091bd74454043b3e6b31dcd8f4d2) Importer(815301076,1909f56bfc062723c751e8b465ee728b)  -> (artifact id: '51c8c043b472b3e66d35869d20ab4dc0') in 0.009647 seconds 
========================================================================
Received Import Request.
  Time since last request: 0.000013 seconds.
  path: Assets/BTM_Assets/BTM_Rockets_Missiles_Bombs/Prefabs/Orange/RMB_26.prefab
  artifactKey: Guid(f182f92e8d7865f4090f3b245ce97fd9) Importer(815301076,1909f56bfc062723c751e8b465ee728b)
Start importing Assets/BTM_Assets/BTM_Rockets_Missiles_Bombs/Prefabs/Orange/RMB_26.prefab using Guid(f182f92e8d7865f4090f3b245ce97fd9) Importer(815301076,1909f56bfc062723c751e8b465ee728b)  -> (artifact id: '77beedfb8bf2beeb48919433dfeaafbd') in 0.008619 seconds 
========================================================================
Received Import Request.
  Time since last request: 0.003057 seconds.
  path: Assets/BTM_Assets/BTM_Rockets_Missiles_Bombs/Prefabs/Orange/RMB_31.prefab
  artifactKey: Guid(7c4cfe0d01cecee48a78a3520c50acc0) Importer(815301076,1909f56bfc062723c751e8b465ee728b)
Start importing Assets/BTM_Assets/BTM_Rockets_Missiles_Bombs/Prefabs/Orange/RMB_31.prefab using Guid(7c4cfe0d01cecee48a78a3520c50acc0) Importer(815301076,1909f56bfc062723c751e8b465ee728b)  -> (artifact id: '5aa8e2c4b8d9b527ee9b4512edcd0a3e') in 0.009181 seconds 
========================================================================
Received Import Request.
  Time since last request: 0.003416 seconds.
  path: Assets/BTM_Assets/BTM_Rockets_Missiles_Bombs/Prefabs/Orange/RMB_36.prefab
  artifactKey: Guid(cef6e1f1eee492a45b96626656ad327f) Importer(815301076,1909f56bfc062723c751e8b465ee728b)
Start importing Assets/BTM_Assets/BTM_Rockets_Missiles_Bombs/Prefabs/Orange/RMB_36.prefab using Guid(cef6e1f1eee492a45b96626656ad327f) Importer(815301076,1909f56bfc062723c751e8b465ee728b)  -> (artifact id: 'a86d0c13a51b70d86f6f11e2615c6fbe') in 0.010801 seconds 
========================================================================
Received Import Request.
  Time since last request: 0.000015 seconds.
  path: Assets/BTM_Assets/BTM_Rockets_Missiles_Bombs/Prefabs/Orange/RMB_41.prefab
  artifactKey: Guid(c1926c7f89677dd4aa08212d220bbd1d) Importer(815301076,1909f56bfc062723c751e8b465ee728b)
Start importing Assets/BTM_Assets/BTM_Rockets_Missiles_Bombs/Prefabs/Orange/RMB_41.prefab using Guid(c1926c7f89677dd4aa08212d220bbd1d) Importer(815301076,1909f56bfc062723c751e8b465ee728b)  -> (artifact id: 'abf9f05e7041a498c4585078225c1340') in 0.010653 seconds 
========================================================================
Received Prepare
Registering precompiled user dll's ...
Registered in 0.005754 seconds.
Begin MonoManager ReloadAssembly
Symbol file LoadedFromMemory doesn't match image C:\Users\lainxel\Desktop\22559012\Library\PackageCache\com.unity.visualscripting@1.8.0\Editor\VisualScripting.Core\Dependencies\YamlDotNet\Unity.VisualScripting.YamlDotNet.dll
Symbol file LoadedFromMemory doesn't match image C:\Users\lainxel\Desktop\22559012\Library\PackageCache\com.unity.visualscripting@1.8.0\Editor\VisualScripting.Core\Dependencies\DotNetZip\Unity.VisualScripting.IonicZip.dll
Native extension for WindowsStandalone target not found
Refreshing native plugins compatible for Editor in 0.60 ms, found 3 plugins.
Preloading 0 native plugins for Editor in 0.00 ms.
Mono: successfully reloaded assembly
- Completed reload, in  0.664 seconds
Domain Reload Profiling:
	ReloadAssembly (664ms)
		BeginReloadAssembly (99ms)
			ExecutionOrderSort (0ms)
			DisableScriptedObjects (2ms)
			BackupInstance (0ms)
			ReleaseScriptingObjects (0ms)
			CreateAndSetChildDomain (25ms)
		EndReloadAssembly (511ms)
			LoadAssemblies (73ms)
			RebuildTransferFunctionScriptingTraits (0ms)
			SetupTypeCache (161ms)
			ReleaseScriptCaches (1ms)
			RebuildScriptCaches (24ms)
			SetupLoadedEditorAssemblies (235ms)
				LogAssemblyErrors (0ms)
				InitializePlatformSupportModulesInManaged (4ms)
				SetLoadedEditorAssemblies (0ms)
				RefreshPlugins (1ms)
				BeforeProcessingInitializeOnLoad (51ms)
				ProcessInitializeOnLoadAttributes (127ms)
				ProcessInitializeOnLoadMethodAttributes (46ms)
				AfterProcessingInitializeOnLoad (7ms)
				EditorAssembliesLoaded (0ms)
			ExecutionOrderSort2 (0ms)
			AwakeInstancesAfterBackupRestoration (8ms)
Platform modules already initialized, skipping
Refreshing native plugins compatible for Editor in 1.48 ms, found 3 plugins.
Preloading 0 native plugins for Editor in 0.00 ms.
Unloading 4741 Unused Serialized files (Serialized files now loaded: 0)
Unloading 25 unused Assets / (0.7 MB). Loaded Objects now: 5327.
Memory consumption went from 191.0 MB to 190.4 MB.
Total: 1.915800 ms (FindLiveObjects: 0.166600 ms CreateObjectMapping: 0.062000 ms MarkObjects: 1.510300 ms  DeleteObjects: 0.176200 ms)

AssetImportParameters requested are different than current active one (requested -> active):
  custom:video-decoder-ogg-theora: a1e56fd34408186e4bbccfd4996cb3dc -> 
  custom:container-muxer-webm: aa71ff27fc2769a1b78a27578f13a17b -> 
  custom:container-demuxer-webm: 4f35f7cbe854078d1ac9338744f61a02 -> 
  custom:video-encoder-webm-vp8: eb34c28f22e8b96e1ab97ce403110664 -> 
  custom:audio-encoder-webm-vorbis: bf7c407c2cedff20999df2af8eb42d56 -> 
  custom:framework-win-MediaFoundation: 216162199b28c13a410421893ffa2e32 -> 
  custom:container-demuxer-ogg: 62fdf1f143b41e24485cea50d1cbac27 -> 
  custom:video-decoder-webm-vp8: 9c59270c3fd7afecdb556c50c9e8de78 -> 
  custom:audio-decoder-ogg-vorbis: bf7c407c2cedff20999df2af8eb42d56 -> 
========================================================================
Received Prepare
Registering precompiled user dll's ...
Registered in 0.005728 seconds.
Begin MonoManager ReloadAssembly
Symbol file LoadedFromMemory doesn't match image C:\Users\lainxel\Desktop\22559012\Library\PackageCache\com.unity.visualscripting@1.8.0\Editor\VisualScripting.Core\Dependencies\YamlDotNet\Unity.VisualScripting.YamlDotNet.dll
Symbol file LoadedFromMemory doesn't match image C:\Users\lainxel\Desktop\22559012\Library\PackageCache\com.unity.visualscripting@1.8.0\Editor\VisualScripting.Core\Dependencies\DotNetZip\Unity.VisualScripting.IonicZip.dll
Native extension for WindowsStandalone target not found
Refreshing native plugins compatible for Editor in 0.53 ms, found 3 plugins.
Preloading 0 native plugins for Editor in 0.00 ms.
Mono: successfully reloaded assembly
- Completed reload, in  0.669 seconds
Domain Reload Profiling:
	ReloadAssembly (669ms)
		BeginReloadAssembly (91ms)
			ExecutionOrderSort (0ms)
			DisableScriptedObjects (3ms)
			BackupInstance (0ms)
			ReleaseScriptingObjects (0ms)
			CreateAndSetChildDomain (21ms)
		EndReloadAssembly (520ms)
			LoadAssemblies (69ms)
			RebuildTransferFunctionScriptingTraits (0ms)
			SetupTypeCache (162ms)
			ReleaseScriptCaches (1ms)
			RebuildScriptCaches (24ms)
			SetupLoadedEditorAssemblies (245ms)
				LogAssemblyErrors (0ms)
				InitializePlatformSupportModulesInManaged (4ms)
				SetLoadedEditorAssemblies (0ms)
				RefreshPlugins (1ms)
				BeforeProcessingInitializeOnLoad (51ms)
				ProcessInitializeOnLoadAttributes (135ms)
				ProcessInitializeOnLoadMethodAttributes (47ms)
				AfterProcessingInitializeOnLoad (7ms)
				EditorAssembliesLoaded (0ms)
			ExecutionOrderSort2 (0ms)
			AwakeInstancesAfterBackupRestoration (8ms)
Platform modules already initialized, skipping
Refreshing native plugins compatible for Editor in 1.67 ms, found 3 plugins.
Preloading 0 native plugins for Editor in 0.00 ms.
Unloading 4741 Unused Serialized files (Serialized files now loaded: 0)
Unloading 25 unused Assets / (0.7 MB). Loaded Objects now: 5330.
Memory consumption went from 191.1 MB to 190.4 MB.
Total: 1.956500 ms (FindLiveObjects: 0.156700 ms CreateObjectMapping: 0.060500 ms MarkObjects: 1.570200 ms  DeleteObjects: 0.168600 ms)

AssetImportParameters requested are different than current active one (requested -> active):
  custom:video-decoder-ogg-theora: a1e56fd34408186e4bbccfd4996cb3dc -> 
  custom:container-muxer-webm: aa71ff27fc2769a1b78a27578f13a17b -> 
  custom:container-demuxer-webm: 4f35f7cbe854078d1ac9338744f61a02 -> 
  custom:video-encoder-webm-vp8: eb34c28f22e8b96e1ab97ce403110664 -> 
  custom:audio-encoder-webm-vorbis: bf7c407c2cedff20999df2af8eb42d56 -> 
  custom:framework-win-MediaFoundation: 216162199b28c13a410421893ffa2e32 -> 
  custom:container-demuxer-ogg: 62fdf1f143b41e24485cea50d1cbac27 -> 
  custom:video-decoder-webm-vp8: 9c59270c3fd7afecdb556c50c9e8de78 -> 
  custom:audio-decoder-ogg-vorbis: bf7c407c2cedff20999df2af8eb42d56 -> 
========================================================================
Received Import Request.
  Time since last request: 433.267872 seconds.
  path: Assets/SimpleSky/Models/Cloud_02.fbx
  artifactKey: Guid(c943ee3841fcbd94d9630c5e4529b603) Importer(815301076,1909f56bfc062723c751e8b465ee728b)
Start importing Assets/SimpleSky/Models/Cloud_02.fbx using Guid(c943ee3841fcbd94d9630c5e4529b603) Importer(815301076,1909f56bfc062723c751e8b465ee728b)  -> (artifact id: 'd42912200edefa10ada00879e297f72a') in 0.068668 seconds 
========================================================================
Received Import Request.
  Time since last request: 0.000025 seconds.
  path: Assets/SimpleSky/Models/Cloud_05.fbx
  artifactKey: Guid(5d92abef242cfcc4781ac2ae661d8fe8) Importer(815301076,1909f56bfc062723c751e8b465ee728b)
Start importing Assets/SimpleSky/Models/Cloud_05.fbx using Guid(5d92abef242cfcc4781ac2ae661d8fe8) Importer(815301076,1909f56bfc062723c751e8b465ee728b)  -> (artifact id: '2d8c015fdecff7fbf8f60c03679d8f0e') in 0.012377 seconds 
========================================================================
Received Import Request.
  Time since last request: 1.979510 seconds.
  path: Assets/SimpleSky/Prefabs/Cloud_02.prefab
  artifactKey: Guid(73ef0b63ffe19f94ab35e4475b345d70) Importer(815301076,1909f56bfc062723c751e8b465ee728b)
Start importing Assets/SimpleSky/Prefabs/Cloud_02.prefab using Guid(73ef0b63ffe19f94ab35e4475b345d70) Importer(815301076,1909f56bfc062723c751e8b465ee728b)  -> (artifact id: 'd2b36dfc3cf2b972f44cdae8d5dbbd92') in 0.025660 seconds 
========================================================================
Received Import Request.
  Time since last request: 0.000014 seconds.
  path: Assets/SimpleSky/Prefabs/Cloud_03.prefab
  artifactKey: Guid(2df72ec125264584faa40cb1beef0481) Importer(815301076,1909f56bfc062723c751e8b465ee728b)
Start importing Assets/SimpleSky/Prefabs/Cloud_03.prefab using Guid(2df72ec125264584faa40cb1beef0481) Importer(815301076,1909f56bfc062723c751e8b465ee728b)  -> (artifact id: '653ce71a2f27d7aa3f57acd69a79d247') in 0.011680 seconds 
========================================================================
Received Import Request.
  Time since last request: 0.000016 seconds.
  path: Assets/SimpleSky/Prefabs/SkyDome.prefab
  artifactKey: Guid(d0223f77114284b47a0e8b317e71e4dc) Importer(815301076,1909f56bfc062723c751e8b465ee728b)
Start importing Assets/SimpleSky/Prefabs/SkyDome.prefab using Guid(d0223f77114284b47a0e8b317e71e4dc) Importer(815301076,1909f56bfc062723c751e8b465ee728b)  -> (artifact id: 'c1aa0cf515064ad1975db8b9d4dc8086') in 0.011715 seconds 
Editor requested this worker to shutdown with reason: Scaling down because of idle timeout
AssetImportWorker is now disconnected from the server
Process exiting
Exiting without the bug reporter. Application will terminate with return code 0