Using pre-set license
Built from '2021.3/staging' branch; Version is '2021.3.22f1 (b6c551784ba3) revision 11978065'; Using compiler version '192829333'; Build Type 'Release'
OS: 'Windows 11  (10.0.22631) 64bit Core' Language: 'ko' Physical Memory: 32598 MB
BatchMode: 1, IsHumanControllingUs: 0, StartBugReporterOnCrash: 0, Is64bit: 1, IsPro: 1

COMMAND LINE ARGUMENTS:
C:\Program Files\Unity\Hub\Editor\2021.3.22f1\Editor\Unity.exe
-adb2
-batchMode
-noUpm
-name
AssetImportWorker7
-projectPath
C:/Users/lainxel/Desktop/22559012
-logFile
Logs/AssetImportWorker7.log
-srvPort
51487
Successfully changed project path to: C:/Users/lainxel/Desktop/22559012
C:/Users/lainxel/Desktop/22559012
[UnityMemory] Configuration Parameters - Can be set up in boot.config
    "memorysetup-bucket-allocator-granularity=16"
    "memorysetup-bucket-allocator-bucket-count=8"
    "memorysetup-bucket-allocator-block-size=33554432"
    "memorysetup-bucket-allocator-block-count=8"
    "memorysetup-main-allocator-block-size=16777216"
    "memorysetup-thread-allocator-block-size=16777216"
    "memorysetup-gfx-main-allocator-block-size=16777216"
    "memorysetup-gfx-thread-allocator-block-size=16777216"
    "memorysetup-cache-allocator-block-size=4194304"
    "memorysetup-typetree-allocator-block-size=2097152"
    "memorysetup-profiler-bucket-allocator-granularity=16"
    "memorysetup-profiler-bucket-allocator-bucket-count=8"
    "memorysetup-profiler-bucket-allocator-block-size=33554432"
    "memorysetup-profiler-bucket-allocator-block-count=8"
    "memorysetup-profiler-allocator-block-size=16777216"
    "memorysetup-profiler-editor-allocator-block-size=1048576"
    "memorysetup-temp-allocator-size-main=16777216"
    "memorysetup-job-temp-allocator-block-size=2097152"
    "memorysetup-job-temp-allocator-block-size-background=1048576"
    "memorysetup-job-temp-allocator-reduction-small-platforms=262144"
    "memorysetup-temp-allocator-size-background-worker=32768"
    "memorysetup-temp-allocator-size-job-worker=262144"
    "memorysetup-temp-allocator-size-preload-manager=33554432"
    "memorysetup-temp-allocator-size-nav-mesh-worker=65536"
    "memorysetup-temp-allocator-size-audio-worker=65536"
    "memorysetup-temp-allocator-size-cloud-worker=32768"
    "memorysetup-temp-allocator-size-gi-baking-worker=262144"
    "memorysetup-temp-allocator-size-gfx=262144"
Player connection [49496] Host "[IP] 192.168.0.23 [Port] 0 [Flags] 2 [Guid] 1512522413 [EditorId] 1512522413 [Version] 1048832 [Id] WindowsEditor(7,DESKTOP-KQV43BI) [Debug] 1 [PackageName] WindowsEditor [ProjectName] Editor" joined multi-casting on [225.0.0.222:54997]...

Player connection [49496] Host "[IP] 192.168.0.23 [Port] 0 [Flags] 2 [Guid] 1512522413 [EditorId] 1512522413 [Version] 1048832 [Id] WindowsEditor(7,DESKTOP-KQV43BI) [Debug] 1 [PackageName] WindowsEditor [ProjectName] Editor" joined alternative multi-casting on [225.0.0.222:34997]...

Refreshing native plugins compatible for Editor in 52.85 ms, found 3 plugins.
Preloading 0 native plugins for Editor in 0.00 ms.
Initialize engine version: 2021.3.22f1 (b6c551784ba3)
[Subsystems] Discovering subsystems at path C:/Program Files/Unity/Hub/Editor/2021.3.22f1/Editor/Data/Resources/UnitySubsystems
[Subsystems] Discovering subsystems at path C:/Users/lainxel/Desktop/22559012/Assets
GfxDevice: creating device client; threaded=0; jobified=0
Direct3D:
    Version:  Direct3D 11.0 [level 11.1]
    Renderer: NVIDIA GeForce RTX 4060 Ti (ID=0x2803)
    Vendor:   NVIDIA
    VRAM:     16109 MB
    Driver:   32.0.15.8157
Initialize mono
Mono path[0] = 'C:/Program Files/Unity/Hub/Editor/2021.3.22f1/Editor/Data/Managed'
Mono path[1] = 'C:/Program Files/Unity/Hub/Editor/2021.3.22f1/Editor/Data/MonoBleedingEdge/lib/mono/unityjit-win32'
Mono config path = 'C:/Program Files/Unity/Hub/Editor/2021.3.22f1/Editor/Data/MonoBleedingEdge/etc'
Using monoOptions --debugger-agent=transport=dt_socket,embedding=1,server=y,suspend=n,address=127.0.0.1:56676
Begin MonoManager ReloadAssembly
Registering precompiled unity dll's ...
Register platform support module: C:/Program Files/Unity/Hub/Editor/2021.3.22f1/Editor/Data/PlaybackEngines/WindowsStandaloneSupport/UnityEditor.WindowsStandalone.Extensions.dll
Registered in 0.005978 seconds.
Native extension for WindowsStandalone target not found
Refreshing native plugins compatible for Editor in 52.38 ms, found 3 plugins.
Preloading 0 native plugins for Editor in 0.00 ms.
Mono: successfully reloaded assembly
- Completed reload, in  0.361 seconds
Domain Reload Profiling:
	ReloadAssembly (361ms)
		BeginReloadAssembly (57ms)
			ExecutionOrderSort (0ms)
			DisableScriptedObjects (0ms)
			BackupInstance (0ms)
			ReleaseScriptingObjects (0ms)
			CreateAndSetChildDomain (0ms)
		EndReloadAssembly (245ms)
			LoadAssemblies (55ms)
			RebuildTransferFunctionScriptingTraits (0ms)
			SetupTypeCache (54ms)
			ReleaseScriptCaches (0ms)
			RebuildScriptCaches (13ms)
			SetupLoadedEditorAssemblies (149ms)
				LogAssemblyErrors (0ms)
				InitializePlatformSupportModulesInManaged (5ms)
				SetLoadedEditorAssemblies (0ms)
				RefreshPlugins (52ms)
				BeforeProcessingInitializeOnLoad (1ms)
				ProcessInitializeOnLoadAttributes (63ms)
				ProcessInitializeOnLoadMethodAttributes (27ms)
				AfterProcessingInitializeOnLoad (0ms)
				EditorAssembliesLoaded (0ms)
			ExecutionOrderSort2 (0ms)
			AwakeInstancesAfterBackupRestoration (0ms)
Platform modules already initialized, skipping
Registering precompiled user dll's ...
Registered in 0.006025 seconds.
Begin MonoManager ReloadAssembly
Symbol file LoadedFromMemory doesn't match image C:\Users\lainxel\Desktop\22559012\Library\PackageCache\com.unity.visualscripting@1.8.0\Editor\VisualScripting.Core\Dependencies\YamlDotNet\Unity.VisualScripting.YamlDotNet.dll
Symbol file LoadedFromMemory doesn't match image C:\Users\lainxel\Desktop\22559012\Library\PackageCache\com.unity.visualscripting@1.8.0\Editor\VisualScripting.Core\Dependencies\DotNetZip\Unity.VisualScripting.IonicZip.dll
Native extension for WindowsStandalone target not found
Refreshing native plugins compatible for Editor in 53.44 ms, found 3 plugins.
Preloading 0 native plugins for Editor in 0.00 ms.
Mono: successfully reloaded assembly
- Completed reload, in  0.717 seconds
Domain Reload Profiling:
	ReloadAssembly (718ms)
		BeginReloadAssembly (76ms)
			ExecutionOrderSort (0ms)
			DisableScriptedObjects (3ms)
			BackupInstance (0ms)
			ReleaseScriptingObjects (0ms)
			CreateAndSetChildDomain (10ms)
		EndReloadAssembly (565ms)
			LoadAssemblies (71ms)
			RebuildTransferFunctionScriptingTraits (0ms)
			SetupTypeCache (151ms)
			ReleaseScriptCaches (0ms)
			RebuildScriptCaches (30ms)
			SetupLoadedEditorAssemblies (300ms)
				LogAssemblyErrors (0ms)
				InitializePlatformSupportModulesInManaged (3ms)
				SetLoadedEditorAssemblies (0ms)
				RefreshPlugins (53ms)
				BeforeProcessingInitializeOnLoad (59ms)
				ProcessInitializeOnLoadAttributes (138ms)
				ProcessInitializeOnLoadMethodAttributes (40ms)
				AfterProcessingInitializeOnLoad (6ms)
				EditorAssembliesLoaded (0ms)
			ExecutionOrderSort2 (0ms)
			AwakeInstancesAfterBackupRestoration (7ms)
Platform modules already initialized, skipping
========================================================================
Worker process is ready to serve import requests
Launched and connected shader compiler UnityShaderCompiler.exe after 0.05 seconds
Refreshing native plugins compatible for Editor in 0.52 ms, found 3 plugins.
Preloading 0 native plugins for Editor in 0.00 ms.
Unloading 4823 Unused Serialized files (Serialized files now loaded: 0)
Unloading 32 unused Assets / (0.7 MB). Loaded Objects now: 5280.
Memory consumption went from 194.0 MB to 193.3 MB.
Total: 2.097700 ms (FindLiveObjects: 0.178200 ms CreateObjectMapping: 0.061400 ms MarkObjects: 1.675400 ms  DeleteObjects: 0.182100 ms)

AssetImportParameters requested are different than current active one (requested -> active):
  custom:video-decoder-ogg-theora: a1e56fd34408186e4bbccfd4996cb3dc -> 
  custom:container-muxer-webm: aa71ff27fc2769a1b78a27578f13a17b -> 
  custom:container-demuxer-webm: 4f35f7cbe854078d1ac9338744f61a02 -> 
  custom:video-encoder-webm-vp8: eb34c28f22e8b96e1ab97ce403110664 -> 
  custom:audio-encoder-webm-vorbis: bf7c407c2cedff20999df2af8eb42d56 -> 
  custom:framework-win-MediaFoundation: 216162199b28c13a410421893ffa2e32 -> 
  custom:container-demuxer-ogg: 62fdf1f143b41e24485cea50d1cbac27 -> 
  custom:video-decoder-webm-vp8: 9c59270c3fd7afecdb556c50c9e8de78 -> 
  custom:audio-decoder-ogg-vorbis: bf7c407c2cedff20999df2af8eb42d56 -> 
========================================================================
Received Import Request.
  Time since last request: 44553.347326 seconds.
  path: Assets/BTM_Assets/BTM_Rockets_Missiles_Bombs/Models/RMB_05.fbx
  artifactKey: Guid(74534f77faed03d4faa3ac16523ec77b) Importer(815301076,1909f56bfc062723c751e8b465ee728b)
Start importing Assets/BTM_Assets/BTM_Rockets_Missiles_Bombs/Models/RMB_05.fbx using Guid(74534f77faed03d4faa3ac16523ec77b) Importer(815301076,1909f56bfc062723c751e8b465ee728b)  -> (artifact id: '02926454ef98a4b4d47b1d222b79ce0e') in 0.166976 seconds 
========================================================================
Received Import Request.
  Time since last request: 0.000020 seconds.
  path: Assets/BTM_Assets/BTM_Rockets_Missiles_Bombs/Models/RMB_16.fbx
  artifactKey: Guid(c55d3227e1e80664b85bbbab7f559dfd) Importer(815301076,1909f56bfc062723c751e8b465ee728b)
Start importing Assets/BTM_Assets/BTM_Rockets_Missiles_Bombs/Models/RMB_16.fbx using Guid(c55d3227e1e80664b85bbbab7f559dfd) Importer(815301076,1909f56bfc062723c751e8b465ee728b)  -> (artifact id: '22f1a8bbaa8a1c48aaeabff70a8fc268') in 0.024100 seconds 
========================================================================
Received Import Request.
  Time since last request: 0.000020 seconds.
  path: Assets/BTM_Assets/BTM_Rockets_Missiles_Bombs/Models/RMB_40.fbx
  artifactKey: Guid(afd9271f78114ea449b8d0b8c0d941f0) Importer(815301076,1909f56bfc062723c751e8b465ee728b)
Start importing Assets/BTM_Assets/BTM_Rockets_Missiles_Bombs/Models/RMB_40.fbx using Guid(afd9271f78114ea449b8d0b8c0d941f0) Importer(815301076,1909f56bfc062723c751e8b465ee728b)  -> (artifact id: '5e8fbe01d76f2a5bb9721a3f5ca3a63f') in 0.022086 seconds 
========================================================================
Received Import Request.
  Time since last request: 0.000014 seconds.
  path: Assets/BTM_Assets/BTM_Rockets_Missiles_Bombs/Models/RMB_30.fbx
  artifactKey: Guid(b229829324fd133488a0493133099437) Importer(815301076,1909f56bfc062723c751e8b465ee728b)
Start importing Assets/BTM_Assets/BTM_Rockets_Missiles_Bombs/Models/RMB_30.fbx using Guid(b229829324fd133488a0493133099437) Importer(815301076,1909f56bfc062723c751e8b465ee728b)  -> (artifact id: '6b87285fa798543cf91b74f8c35ae7b6') in 0.023790 seconds 
========================================================================
Received Import Request.
  Time since last request: 0.000021 seconds.
  path: Assets/BTM_Assets/BTM_Rockets_Missiles_Bombs/Models/RMB_26.fbx
  artifactKey: Guid(836f1b4f61106d94497ef9863f5ae1c4) Importer(815301076,1909f56bfc062723c751e8b465ee728b)
Start importing Assets/BTM_Assets/BTM_Rockets_Missiles_Bombs/Models/RMB_26.fbx using Guid(836f1b4f61106d94497ef9863f5ae1c4) Importer(815301076,1909f56bfc062723c751e8b465ee728b)  -> (artifact id: 'bf9cdc4397e5f82cac058b47aac02bca') in 0.023692 seconds 
========================================================================
Received Import Request.
  Time since last request: 0.000014 seconds.
  path: Assets/BTM_Assets/BTM_Rockets_Missiles_Bombs/Models/RMB_31.fbx
  artifactKey: Guid(d02278f3f2ac6914f8e470b20377d6bf) Importer(815301076,1909f56bfc062723c751e8b465ee728b)
Start importing Assets/BTM_Assets/BTM_Rockets_Missiles_Bombs/Models/RMB_31.fbx using Guid(d02278f3f2ac6914f8e470b20377d6bf) Importer(815301076,1909f56bfc062723c751e8b465ee728b)  -> (artifact id: '50b420f611976ebec6679fb7576c77ee') in 0.023261 seconds 
========================================================================
Received Import Request.
  Time since last request: 10.233920 seconds.
  path: Assets/BTM_Assets/BTM_Rockets_Missiles_Bombs/Prefabs/Yellow/RMB_05.prefab
  artifactKey: Guid(e2feb9f88d222b246980ac29f1a70833) Importer(815301076,1909f56bfc062723c751e8b465ee728b)
Start importing Assets/BTM_Assets/BTM_Rockets_Missiles_Bombs/Prefabs/Yellow/RMB_05.prefab using Guid(e2feb9f88d222b246980ac29f1a70833) Importer(815301076,1909f56bfc062723c751e8b465ee728b)  -> (artifact id: '49feb7386f385a77d03c8e00de5c58e7') in 0.014683 seconds 
========================================================================
Received Import Request.
  Time since last request: 0.000015 seconds.
  path: Assets/BTM_Assets/BTM_Rockets_Missiles_Bombs/Prefabs/Yellow/RMB_10.prefab
  artifactKey: Guid(8d28c7aedd3f31c45aca7551151d9bdf) Importer(815301076,1909f56bfc062723c751e8b465ee728b)
Start importing Assets/BTM_Assets/BTM_Rockets_Missiles_Bombs/Prefabs/Yellow/RMB_10.prefab using Guid(8d28c7aedd3f31c45aca7551151d9bdf) Importer(815301076,1909f56bfc062723c751e8b465ee728b)  -> (artifact id: '53334e43472abbf87772c3ce110a84c1') in 0.010760 seconds 
========================================================================
Received Import Request.
  Time since last request: 0.000014 seconds.
  path: Assets/BTM_Assets/BTM_Rockets_Missiles_Bombs/Prefabs/Yellow/RMB_16.prefab
  artifactKey: Guid(a8b0c90d9585f8543b56f356bf4c8f8b) Importer(815301076,1909f56bfc062723c751e8b465ee728b)
Start importing Assets/BTM_Assets/BTM_Rockets_Missiles_Bombs/Prefabs/Yellow/RMB_16.prefab using Guid(a8b0c90d9585f8543b56f356bf4c8f8b) Importer(815301076,1909f56bfc062723c751e8b465ee728b)  -> (artifact id: '630d87b937d6128a27798192f238c774') in 0.011544 seconds 
========================================================================
Received Import Request.
  Time since last request: 0.000012 seconds.
  path: Assets/BTM_Assets/BTM_Rockets_Missiles_Bombs/Prefabs/Yellow/RMB_22.prefab
  artifactKey: Guid(4da767c590792704fa56f51e0e765512) Importer(815301076,1909f56bfc062723c751e8b465ee728b)
Start importing Assets/BTM_Assets/BTM_Rockets_Missiles_Bombs/Prefabs/Yellow/RMB_22.prefab using Guid(4da767c590792704fa56f51e0e765512) Importer(815301076,1909f56bfc062723c751e8b465ee728b)  -> (artifact id: 'c4517a2b1bf3392127c48bfc2cb5c16b') in 0.010988 seconds 
========================================================================
Received Import Request.
  Time since last request: 0.000012 seconds.
  path: Assets/BTM_Assets/BTM_Rockets_Missiles_Bombs/Prefabs/Yellow/RMB_27.prefab
  artifactKey: Guid(785271c6c791fcb46add3e25e7a285b7) Importer(815301076,1909f56bfc062723c751e8b465ee728b)
Start importing Assets/BTM_Assets/BTM_Rockets_Missiles_Bombs/Prefabs/Yellow/RMB_27.prefab using Guid(785271c6c791fcb46add3e25e7a285b7) Importer(815301076,1909f56bfc062723c751e8b465ee728b)  -> (artifact id: '5aeba3094d3fda8c882125d648b98f7e') in 0.011217 seconds 
========================================================================
Received Import Request.
  Time since last request: 0.000013 seconds.
  path: Assets/BTM_Assets/BTM_Rockets_Missiles_Bombs/Prefabs/Yellow/RMB_32.prefab
  artifactKey: Guid(c8d8bb6a287604046871dc70ed945d9b) Importer(815301076,1909f56bfc062723c751e8b465ee728b)
Start importing Assets/BTM_Assets/BTM_Rockets_Missiles_Bombs/Prefabs/Yellow/RMB_32.prefab using Guid(c8d8bb6a287604046871dc70ed945d9b) Importer(815301076,1909f56bfc062723c751e8b465ee728b)  -> (artifact id: '7988f5af0c4d4653ae76cad7387715f1') in 0.011199 seconds 
========================================================================
Received Import Request.
  Time since last request: 0.000014 seconds.
  path: Assets/BTM_Assets/BTM_Rockets_Missiles_Bombs/Prefabs/Yellow/RMB_35.prefab
  artifactKey: Guid(29b074eba4f3dee4faed32ef2c8e8908) Importer(815301076,1909f56bfc062723c751e8b465ee728b)
Start importing Assets/BTM_Assets/BTM_Rockets_Missiles_Bombs/Prefabs/Yellow/RMB_35.prefab using Guid(29b074eba4f3dee4faed32ef2c8e8908) Importer(815301076,1909f56bfc062723c751e8b465ee728b)  -> (artifact id: '180c8e1fc25b9d57c98899a74cddbf11') in 0.011362 seconds 
========================================================================
Received Import Request.
  Time since last request: 0.000013 seconds.
  path: Assets/BTM_Assets/BTM_Rockets_Missiles_Bombs/Prefabs/Yellow/RMB_40.prefab
  artifactKey: Guid(d72babe297c612b4591c8f2f4111f56f) Importer(815301076,1909f56bfc062723c751e8b465ee728b)
Start importing Assets/BTM_Assets/BTM_Rockets_Missiles_Bombs/Prefabs/Yellow/RMB_40.prefab using Guid(d72babe297c612b4591c8f2f4111f56f) Importer(815301076,1909f56bfc062723c751e8b465ee728b)  -> (artifact id: '41099b7f8b8098e15d032e2b5702e4b8') in 0.017403 seconds 
========================================================================
Received Import Request.
  Time since last request: 3.808360 seconds.
  path: Assets/BTM_Assets/BTM_Rockets_Missiles_Bombs/Prefabs/Orange/RMB_13.prefab
  artifactKey: Guid(bf632c7d6081989408e81adb1573f9ea) Importer(815301076,1909f56bfc062723c751e8b465ee728b)
Start importing Assets/BTM_Assets/BTM_Rockets_Missiles_Bombs/Prefabs/Orange/RMB_13.prefab using Guid(bf632c7d6081989408e81adb1573f9ea) Importer(815301076,1909f56bfc062723c751e8b465ee728b)  -> (artifact id: '52851801777d85434225ee0e1376832e') in 0.009772 seconds 
========================================================================
Received Import Request.
  Time since last request: 0.000013 seconds.
  path: Assets/BTM_Assets/BTM_Rockets_Missiles_Bombs/Prefabs/Orange/RMB_18.prefab
  artifactKey: Guid(50e8e613898bfd542af72f16e883c8a9) Importer(815301076,1909f56bfc062723c751e8b465ee728b)
Start importing Assets/BTM_Assets/BTM_Rockets_Missiles_Bombs/Prefabs/Orange/RMB_18.prefab using Guid(50e8e613898bfd542af72f16e883c8a9) Importer(815301076,1909f56bfc062723c751e8b465ee728b)  -> (artifact id: '037142e6473a220960980bc1b66a0936') in 0.009501 seconds 
========================================================================
Received Import Request.
  Time since last request: 0.000012 seconds.
  path: Assets/BTM_Assets/BTM_Rockets_Missiles_Bombs/Prefabs/Orange/RMB_23.prefab
  artifactKey: Guid(9c428d0e0bcfa6e4aa7ee590464751b7) Importer(815301076,1909f56bfc062723c751e8b465ee728b)
Start importing Assets/BTM_Assets/BTM_Rockets_Missiles_Bombs/Prefabs/Orange/RMB_23.prefab using Guid(9c428d0e0bcfa6e4aa7ee590464751b7) Importer(815301076,1909f56bfc062723c751e8b465ee728b)  -> (artifact id: 'ced62f8f3d052126743acb9314b94aa1') in 0.010568 seconds 
========================================================================
Received Import Request.
  Time since last request: 0.001406 seconds.
  path: Assets/BTM_Assets/BTM_Rockets_Missiles_Bombs/Prefabs/Orange/RMB_28.prefab
  artifactKey: Guid(d6e1a302d8540ea4db9f0f3ba191201b) Importer(815301076,1909f56bfc062723c751e8b465ee728b)
Start importing Assets/BTM_Assets/BTM_Rockets_Missiles_Bombs/Prefabs/Orange/RMB_28.prefab using Guid(d6e1a302d8540ea4db9f0f3ba191201b) Importer(815301076,1909f56bfc062723c751e8b465ee728b)  -> (artifact id: 'e476c18460a1bbd3dda015ad52d85087') in 0.010697 seconds 
========================================================================
Received Import Request.
  Time since last request: 0.001472 seconds.
  path: Assets/BTM_Assets/BTM_Rockets_Missiles_Bombs/Prefabs/Orange/RMB_33.prefab
  artifactKey: Guid(fece3a341420e3545ad5b98bcec2178b) Importer(815301076,1909f56bfc062723c751e8b465ee728b)
Start importing Assets/BTM_Assets/BTM_Rockets_Missiles_Bombs/Prefabs/Orange/RMB_33.prefab using Guid(fece3a341420e3545ad5b98bcec2178b) Importer(815301076,1909f56bfc062723c751e8b465ee728b)  -> (artifact id: '0669ca85989c67f9679606715ef80678') in 0.011685 seconds 
========================================================================
Received Import Request.
  Time since last request: 0.004035 seconds.
  path: Assets/BTM_Assets/BTM_Rockets_Missiles_Bombs/Prefabs/Orange/RMB_39.prefab
  artifactKey: Guid(28317de0433a71241a9bdf4c48776067) Importer(815301076,1909f56bfc062723c751e8b465ee728b)
Start importing Assets/BTM_Assets/BTM_Rockets_Missiles_Bombs/Prefabs/Orange/RMB_39.prefab using Guid(28317de0433a71241a9bdf4c48776067) Importer(815301076,1909f56bfc062723c751e8b465ee728b)  -> (artifact id: 'e318034a28e650c81953dffa432af1de') in 0.010877 seconds 
Editor requested this worker to shutdown with reason: Scaling down because of idle timeout
AssetImportWorker is now disconnected from the server
Process exiting
Exiting without the bug reporter. Application will terminate with return code 0